{"C:\\Users\\pmjpr\\OneDrive\\Desktop\\MMS1\\backend\\routes\\ai.js": {"path":"C:\\Users\\pmjpr\\OneDrive\\Desktop\\MMS1\\backend\\routes\\ai.js","statementMap":{"0":{"start":{"line":1,"column":16},"end":{"line":1,"column":34}},"1":{"start":{"line":2,"column":25},"end":{"line":2,"column":57}},"2":{"start":{"line":4,"column":15},"end":{"line":4,"column":31}},"3":{"start":{"line":7,"column":17},"end":{"line":10,"column":1}},"4":{"start":{"line":14,"column":30},"end":{"line":42,"column":1}},"5":{"start":{"line":45,"column":17},"end":{"line":45,"column":48}},"6":{"start":{"line":46,"column":2},"end":{"line":46,"column":62}},"7":{"start":{"line":46,"column":15},"end":{"line":46,"column":62}},"8":{"start":{"line":48,"column":16},"end":{"line":48,"column":17}},"9":{"start":{"line":50,"column":2},"end":{"line":83,"column":3}},"10":{"start":{"line":51,"column":23},"end":{"line":51,"column":44}},"11":{"start":{"line":52,"column":18},"end":{"line":52,"column":65}},"12":{"start":{"line":52,"column":35},"end":{"line":52,"column":53}},"13":{"start":{"line":53,"column":4},"end":{"line":82,"column":5}},"14":{"start":{"line":54,"column":18},"end":{"line":62,"column":8}},"15":{"start":{"line":63,"column":6},"end":{"line":63,"column":26}},"16":{"start":{"line":64,"column":6},"end":{"line":67,"column":7}},"17":{"start":{"line":65,"column":21},"end":{"line":65,"column":37}},"18":{"start":{"line":66,"column":8},"end":{"line":66,"column":59}},"19":{"start":{"line":68,"column":6},"end":{"line":68,"column":24}},"20":{"start":{"line":70,"column":6},"end":{"line":70,"column":26}},"21":{"start":{"line":71,"column":6},"end":{"line":71,"column":20}},"22":{"start":{"line":73,"column":22},"end":{"line":73,"column":48}},"23":{"start":{"line":74,"column":26},"end":{"line":74,"column":104}},"24":{"start":{"line":75,"column":6},"end":{"line":80,"column":7}},"25":{"start":{"line":76,"column":24},"end":{"line":76,"column":60}},"26":{"start":{"line":77,"column":8},"end":{"line":77,"column":55}},"27":{"start":{"line":77,"column":31},"end":{"line":77,"column":53}},"28":{"start":{"line":78,"column":8},"end":{"line":78,"column":18}},"29":{"start":{"line":79,"column":8},"end":{"line":79,"column":17}},"30":{"start":{"line":81,"column":6},"end":{"line":81,"column":16}},"31":{"start":{"line":84,"column":2},"end":{"line":84,"column":16}},"32":{"start":{"line":89,"column":17},"end":{"line":89,"column":60}},"33":{"start":{"line":90,"column":16},"end":{"line":90,"column":61}},"34":{"start":{"line":91,"column":2},"end":{"line":91,"column":41}},"35":{"start":{"line":91,"column":29},"end":{"line":91,"column":41}},"36":{"start":{"line":92,"column":17},"end":{"line":92,"column":75}},"37":{"start":{"line":92,"column":43},"end":{"line":92,"column":74}},"38":{"start":{"line":93,"column":2},"end":{"line":93,"column":49}},"39":{"start":{"line":96,"column":0},"end":{"line":167,"column":3}},"40":{"start":{"line":97,"column":2},"end":{"line":166,"column":3}},"41":{"start":{"line":98,"column":21},"end":{"line":98,"column":35}},"42":{"start":{"line":99,"column":4},"end":{"line":101,"column":5}},"43":{"start":{"line":100,"column":6},"end":{"line":100,"column":65}},"44":{"start":{"line":105,"column":4},"end":{"line":110,"column":5}},"45":{"start":{"line":106,"column":22},"end":{"line":106,"column":98}},"46":{"start":{"line":107,"column":6},"end":{"line":107,"column":36}},"47":{"start":{"line":109,"column":6},"end":{"line":109,"column":90}},"48":{"start":{"line":113,"column":4},"end":{"line":120,"column":5}},"49":{"start":{"line":114,"column":6},"end":{"line":119,"column":7}},"50":{"start":{"line":115,"column":26},"end":{"line":115,"column":104}},"51":{"start":{"line":116,"column":8},"end":{"line":116,"column":40}},"52":{"start":{"line":118,"column":8},"end":{"line":118,"column":90}},"53":{"start":{"line":123,"column":23},"end":{"line":123,"column":84}},"54":{"start":{"line":126,"column":44},"end":{"line":139,"column":15}},"55":{"start":{"line":141,"column":4},"end":{"line":144,"column":5}},"56":{"start":{"line":142,"column":6},"end":{"line":142,"column":48}},"57":{"start":{"line":143,"column":6},"end":{"line":143,"column":81}},"58":{"start":{"line":147,"column":24},"end":{"line":155,"column":7}},"59":{"start":{"line":147,"column":51},"end":{"line":155,"column":5}},"60":{"start":{"line":157,"column":4},"end":{"line":162,"column":7}},"61":{"start":{"line":164,"column":4},"end":{"line":164,"column":44}},"62":{"start":{"line":165,"column":4},"end":{"line":165,"column":62}},"63":{"start":{"line":169,"column":0},"end":{"line":169,"column":24}}},"fnMap":{"0":{"name":"callHuggingFace","decl":{"start":{"line":44,"column":15},"end":{"line":44,"column":30}},"loc":{"start":{"line":44,"column":86},"end":{"line":85,"column":1}},"line":44},"1":{"name":"(anonymous_1)","decl":{"start":{"line":52,"column":29},"end":{"line":52,"column":30}},"loc":{"start":{"line":52,"column":35},"end":{"line":52,"column":53}},"line":52},"2":{"name":"(anonymous_2)","decl":{"start":{"line":77,"column":26},"end":{"line":77,"column":27}},"loc":{"start":{"line":77,"column":31},"end":{"line":77,"column":53}},"line":77},"3":{"name":"pickTopLabel","decl":{"start":{"line":87,"column":9},"end":{"line":87,"column":21}},"loc":{"start":{"line":87,"column":34},"end":{"line":94,"column":1}},"line":87},"4":{"name":"(anonymous_4)","decl":{"start":{"line":92,"column":33},"end":{"line":92,"column":34}},"loc":{"start":{"line":92,"column":43},"end":{"line":92,"column":74}},"line":92},"5":{"name":"(anonymous_5)","decl":{"start":{"line":96,"column":21},"end":{"line":96,"column":22}},"loc":{"start":{"line":96,"column":41},"end":{"line":167,"column":1}},"line":96},"6":{"name":"(anonymous_6)","decl":{"start":{"line":147,"column":42},"end":{"line":147,"column":43}},"loc":{"start":{"line":147,"column":51},"end":{"line":155,"column":5}},"line":147}},"branchMap":{"0":{"loc":{"start":{"line":44,"column":46},"end":{"line":44,"column":84}},"type":"default-arg","locations":[{"start":{"line":44,"column":82},"end":{"line":44,"column":84}}],"line":44},"1":{"loc":{"start":{"line":44,"column":48},"end":{"line":44,"column":64}},"type":"default-arg","locations":[{"start":{"line":44,"column":60},"end":{"line":44,"column":64}}],"line":44},"2":{"loc":{"start":{"line":44,"column":66},"end":{"line":44,"column":77}},"type":"default-arg","locations":[{"start":{"line":44,"column":76},"end":{"line":44,"column":77}}],"line":44},"3":{"loc":{"start":{"line":46,"column":2},"end":{"line":46,"column":62}},"type":"if","locations":[{"start":{"line":46,"column":2},"end":{"line":46,"column":62}},{"start":{},"end":{}}],"line":46},"4":{"loc":{"start":{"line":64,"column":6},"end":{"line":67,"column":7}},"type":"if","locations":[{"start":{"line":64,"column":6},"end":{"line":67,"column":7}},{"start":{},"end":{}}],"line":64},"5":{"loc":{"start":{"line":74,"column":26},"end":{"line":74,"column":104}},"type":"binary-expr","locations":[{"start":{"line":74,"column":26},"end":{"line":74,"column":33}},{"start":{"line":74,"column":37},"end":{"line":74,"column":66}},{"start":{"line":74,"column":70},"end":{"line":74,"column":104}}],"line":74},"6":{"loc":{"start":{"line":75,"column":6},"end":{"line":80,"column":7}},"type":"if","locations":[{"start":{"line":75,"column":6},"end":{"line":80,"column":7}},{"start":{},"end":{}}],"line":75},"7":{"loc":{"start":{"line":75,"column":10},"end":{"line":75,"column":42}},"type":"binary-expr","locations":[{"start":{"line":75,"column":10},"end":{"line":75,"column":27}},{"start":{"line":75,"column":31},"end":{"line":75,"column":42}}],"line":75},"8":{"loc":{"start":{"line":89,"column":17},"end":{"line":89,"column":60}},"type":"cond-expr","locations":[{"start":{"line":89,"column":45},"end":{"line":89,"column":55}},{"start":{"line":89,"column":58},"end":{"line":89,"column":60}}],"line":89},"9":{"loc":{"start":{"line":90,"column":16},"end":{"line":90,"column":61}},"type":"cond-expr","locations":[{"start":{"line":90,"column":43},"end":{"line":90,"column":52}},{"start":{"line":90,"column":55},"end":{"line":90,"column":61}}],"line":90},"10":{"loc":{"start":{"line":91,"column":2},"end":{"line":91,"column":41}},"type":"if","locations":[{"start":{"line":91,"column":2},"end":{"line":91,"column":41}},{"start":{},"end":{}}],"line":91},"11":{"loc":{"start":{"line":92,"column":44},"end":{"line":92,"column":56}},"type":"binary-expr","locations":[{"start":{"line":92,"column":44},"end":{"line":92,"column":51}},{"start":{"line":92,"column":55},"end":{"line":92,"column":56}}],"line":92},"12":{"loc":{"start":{"line":92,"column":61},"end":{"line":92,"column":73}},"type":"binary-expr","locations":[{"start":{"line":92,"column":61},"end":{"line":92,"column":68}},{"start":{"line":92,"column":72},"end":{"line":92,"column":73}}],"line":92},"13":{"loc":{"start":{"line":93,"column":9},"end":{"line":93,"column":48}},"type":"binary-expr","locations":[{"start":{"line":93,"column":9},"end":{"line":93,"column":40}},{"start":{"line":93,"column":44},"end":{"line":93,"column":48}}],"line":93},"14":{"loc":{"start":{"line":98,"column":21},"end":{"line":98,"column":35}},"type":"binary-expr","locations":[{"start":{"line":98,"column":21},"end":{"line":98,"column":29}},{"start":{"line":98,"column":33},"end":{"line":98,"column":35}}],"line":98},"15":{"loc":{"start":{"line":99,"column":4},"end":{"line":101,"column":5}},"type":"if","locations":[{"start":{"line":99,"column":4},"end":{"line":101,"column":5}},{"start":{},"end":{}}],"line":99},"16":{"loc":{"start":{"line":99,"column":8},"end":{"line":99,"column":41}},"type":"binary-expr","locations":[{"start":{"line":99,"column":8},"end":{"line":99,"column":13}},{"start":{"line":99,"column":17},"end":{"line":99,"column":41}}],"line":99},"17":{"loc":{"start":{"line":109,"column":73},"end":{"line":109,"column":88}},"type":"binary-expr","locations":[{"start":{"line":109,"column":73},"end":{"line":109,"column":83}},{"start":{"line":109,"column":87},"end":{"line":109,"column":88}}],"line":109},"18":{"loc":{"start":{"line":113,"column":4},"end":{"line":120,"column":5}},"type":"if","locations":[{"start":{"line":113,"column":4},"end":{"line":120,"column":5}},{"start":{},"end":{}}],"line":113},"19":{"loc":{"start":{"line":118,"column":73},"end":{"line":118,"column":88}},"type":"binary-expr","locations":[{"start":{"line":118,"column":73},"end":{"line":118,"column":83}},{"start":{"line":118,"column":87},"end":{"line":118,"column":88}}],"line":118},"20":{"loc":{"start":{"line":123,"column":23},"end":{"line":123,"column":84}},"type":"binary-expr","locations":[{"start":{"line":123,"column":23},"end":{"line":123,"column":51}},{"start":{"line":123,"column":55},"end":{"line":123,"column":84}}],"line":123},"21":{"loc":{"start":{"line":141,"column":4},"end":{"line":144,"column":5}},"type":"if","locations":[{"start":{"line":141,"column":4},"end":{"line":144,"column":5}},{"start":{},"end":{}}],"line":141},"22":{"loc":{"start":{"line":147,"column":25},"end":{"line":147,"column":36}},"type":"binary-expr","locations":[{"start":{"line":147,"column":25},"end":{"line":147,"column":30}},{"start":{"line":147,"column":34},"end":{"line":147,"column":36}}],"line":147}},"s":{"0":0,"1":0,"2":0,"3":0,"4":0,"5":0,"6":0,"7":0,"8":0,"9":0,"10":0,"11":0,"12":0,"13":0,"14":0,"15":0,"16":0,"17":0,"18":0,"19":0,"20":0,"21":0,"22":0,"23":0,"24":0,"25":0,"26":0,"27":0,"28":0,"29":0,"30":0,"31":0,"32":0,"33":0,"34":0,"35":0,"36":0,"37":0,"38":0,"39":0,"40":0,"41":0,"42":0,"43":0,"44":0,"45":0,"46":0,"47":0,"48":0,"49":0,"50":0,"51":0,"52":0,"53":0,"54":0,"55":0,"56":0,"57":0,"58":0,"59":0,"60":0,"61":0,"62":0,"63":0},"f":{"0":0,"1":0,"2":0,"3":0,"4":0,"5":0,"6":0},"b":{"0":[0],"1":[0],"2":[0],"3":[0,0],"4":[0,0],"5":[0,0,0],"6":[0,0],"7":[0,0],"8":[0,0],"9":[0,0],"10":[0,0],"11":[0,0],"12":[0,0],"13":[0,0],"14":[0,0],"15":[0,0],"16":[0,0],"17":[0,0],"18":[0,0],"19":[0,0],"20":[0,0],"21":[0,0],"22":[0,0]}}
,"C:\\Users\\pmjpr\\OneDrive\\Desktop\\MMS1\\backend\\routes\\albums.js": {"path":"C:\\Users\\pmjpr\\OneDrive\\Desktop\\MMS1\\backend\\routes\\albums.js","statementMap":{"0":{"start":{"line":1,"column":16},"end":{"line":1,"column":34}},"1":{"start":{"line":2,"column":15},"end":{"line":2,"column":31}},"2":{"start":{"line":3,"column":17},"end":{"line":3,"column":46}},"3":{"start":{"line":6,"column":26},"end":{"line":27,"column":1}},"4":{"start":{"line":7,"column":16},"end":{"line":7,"column":56}},"5":{"start":{"line":8,"column":2},"end":{"line":8,"column":74}},"6":{"start":{"line":8,"column":14},"end":{"line":8,"column":74}},"7":{"start":{"line":9,"column":2},"end":{"line":9,"column":95}},"8":{"start":{"line":9,"column":37},"end":{"line":9,"column":95}},"9":{"start":{"line":11,"column":2},"end":{"line":26,"column":3}},"10":{"start":{"line":12,"column":38},"end":{"line":12,"column":72}},"11":{"start":{"line":13,"column":4},"end":{"line":13,"column":80}},"12":{"start":{"line":13,"column":24},"end":{"line":13,"column":80}},"13":{"start":{"line":16,"column":29},"end":{"line":20,"column":20}},"14":{"start":{"line":22,"column":4},"end":{"line":22,"column":70}},"15":{"start":{"line":23,"column":4},"end":{"line":23,"column":11}},"16":{"start":{"line":25,"column":4},"end":{"line":25,"column":60}},"17":{"start":{"line":30,"column":24},"end":{"line":42,"column":1}},"18":{"start":{"line":31,"column":16},"end":{"line":31,"column":56}},"19":{"start":{"line":32,"column":2},"end":{"line":34,"column":3}},"20":{"start":{"line":33,"column":4},"end":{"line":33,"column":18}},"21":{"start":{"line":35,"column":2},"end":{"line":40,"column":12}},"22":{"start":{"line":36,"column":38},"end":{"line":36,"column":72}},"23":{"start":{"line":37,"column":4},"end":{"line":39,"column":5}},"24":{"start":{"line":38,"column":6},"end":{"line":38,"column":33}},"25":{"start":{"line":41,"column":2},"end":{"line":41,"column":9}},"26":{"start":{"line":45,"column":23},"end":{"line":50,"column":1}},"27":{"start":{"line":46,"column":2},"end":{"line":48,"column":3}},"28":{"start":{"line":47,"column":4},"end":{"line":47,"column":78}},"29":{"start":{"line":49,"column":2},"end":{"line":49,"column":9}},"30":{"start":{"line":53,"column":0},"end":{"line":96,"column":3}},"31":{"start":{"line":54,"column":2},"end":{"line":95,"column":3}},"32":{"start":{"line":56,"column":36},"end":{"line":64,"column":48}},"33":{"start":{"line":66,"column":4},"end":{"line":66,"column":80}},"34":{"start":{"line":66,"column":15},"end":{"line":66,"column":80}},"35":{"start":{"line":70,"column":27},"end":{"line":89,"column":7}},"36":{"start":{"line":71,"column":26},"end":{"line":71,"column":46}},"37":{"start":{"line":72,"column":6},"end":{"line":82,"column":7}},"38":{"start":{"line":73,"column":8},"end":{"line":81,"column":9}},"39":{"start":{"line":74,"column":28},"end":{"line":77,"column":35}},"40":{"start":{"line":78,"column":10},"end":{"line":78,"column":37}},"41":{"start":{"line":80,"column":10},"end":{"line":80,"column":28}},"42":{"start":{"line":84,"column":6},"end":{"line":88,"column":8}},"43":{"start":{"line":91,"column":4},"end":{"line":91,"column":41}},"44":{"start":{"line":93,"column":4},"end":{"line":93,"column":54}},"45":{"start":{"line":94,"column":4},"end":{"line":94,"column":61}},"46":{"start":{"line":99,"column":0},"end":{"line":124,"column":3}},"47":{"start":{"line":100,"column":2},"end":{"line":123,"column":3}},"48":{"start":{"line":101,"column":77},"end":{"line":101,"column":85}},"49":{"start":{"line":103,"column":4},"end":{"line":103,"column":76}},"50":{"start":{"line":103,"column":16},"end":{"line":103,"column":76}},"51":{"start":{"line":105,"column":35},"end":{"line":116,"column":15}},"52":{"start":{"line":118,"column":4},"end":{"line":118,"column":80}},"53":{"start":{"line":118,"column":15},"end":{"line":118,"column":80}},"54":{"start":{"line":119,"column":4},"end":{"line":119,"column":36}},"55":{"start":{"line":121,"column":4},"end":{"line":121,"column":48}},"56":{"start":{"line":122,"column":4},"end":{"line":122,"column":61}},"57":{"start":{"line":127,"column":0},"end":{"line":162,"column":3}},"58":{"start":{"line":128,"column":2},"end":{"line":161,"column":3}},"59":{"start":{"line":129,"column":19},"end":{"line":129,"column":29}},"60":{"start":{"line":130,"column":70},"end":{"line":130,"column":78}},"61":{"start":{"line":133,"column":31},"end":{"line":138,"column":15}},"62":{"start":{"line":140,"column":4},"end":{"line":140,"column":77}},"63":{"start":{"line":140,"column":19},"end":{"line":140,"column":77}},"64":{"start":{"line":142,"column":35},"end":{"line":154,"column":15}},"65":{"start":{"line":156,"column":4},"end":{"line":156,"column":80}},"66":{"start":{"line":156,"column":15},"end":{"line":156,"column":80}},"67":{"start":{"line":157,"column":4},"end":{"line":157,"column":24}},"68":{"start":{"line":159,"column":4},"end":{"line":159,"column":48}},"69":{"start":{"line":160,"column":4},"end":{"line":160,"column":61}},"70":{"start":{"line":165,"column":0},"end":{"line":187,"column":3}},"71":{"start":{"line":166,"column":2},"end":{"line":186,"column":3}},"72":{"start":{"line":167,"column":19},"end":{"line":167,"column":29}},"73":{"start":{"line":170,"column":31},"end":{"line":175,"column":15}},"74":{"start":{"line":177,"column":4},"end":{"line":177,"column":77}},"75":{"start":{"line":177,"column":19},"end":{"line":177,"column":77}},"76":{"start":{"line":179,"column":22},"end":{"line":179,"column":73}},"77":{"start":{"line":181,"column":4},"end":{"line":181,"column":80}},"78":{"start":{"line":181,"column":15},"end":{"line":181,"column":80}},"79":{"start":{"line":182,"column":4},"end":{"line":182,"column":56}},"80":{"start":{"line":184,"column":4},"end":{"line":184,"column":48}},"81":{"start":{"line":185,"column":4},"end":{"line":185,"column":61}},"82":{"start":{"line":190,"column":0},"end":{"line":236,"column":3}},"83":{"start":{"line":191,"column":2},"end":{"line":235,"column":3}},"84":{"start":{"line":192,"column":28},"end":{"line":192,"column":38}},"85":{"start":{"line":193,"column":23},"end":{"line":193,"column":31}},"86":{"start":{"line":196,"column":28},"end":{"line":201,"column":15}},"87":{"start":{"line":203,"column":4},"end":{"line":203,"column":74}},"88":{"start":{"line":203,"column":16},"end":{"line":203,"column":74}},"89":{"start":{"line":206,"column":27},"end":{"line":212,"column":20}},"90":{"start":{"line":214,"column":21},"end":{"line":214,"column":49}},"91":{"start":{"line":216,"column":28},"end":{"line":220,"column":15}},"92":{"start":{"line":222,"column":4},"end":{"line":222,"column":85}},"93":{"start":{"line":222,"column":15},"end":{"line":222,"column":85}},"94":{"start":{"line":225,"column":4},"end":{"line":229,"column":7}},"95":{"start":{"line":231,"column":4},"end":{"line":231,"column":34}},"96":{"start":{"line":233,"column":4},"end":{"line":233,"column":53}},"97":{"start":{"line":234,"column":4},"end":{"line":234,"column":61}},"98":{"start":{"line":239,"column":0},"end":{"line":274,"column":3}},"99":{"start":{"line":240,"column":2},"end":{"line":273,"column":3}},"100":{"start":{"line":241,"column":36},"end":{"line":241,"column":46}},"101":{"start":{"line":244,"column":28},"end":{"line":249,"column":15}},"102":{"start":{"line":251,"column":4},"end":{"line":251,"column":74}},"103":{"start":{"line":251,"column":16},"end":{"line":251,"column":74}},"104":{"start":{"line":253,"column":22},"end":{"line":257,"column":28}},"105":{"start":{"line":259,"column":4},"end":{"line":259,"column":79}},"106":{"start":{"line":259,"column":15},"end":{"line":259,"column":79}},"107":{"start":{"line":262,"column":4},"end":{"line":267,"column":7}},"108":{"start":{"line":269,"column":4},"end":{"line":269,"column":53}},"109":{"start":{"line":271,"column":4},"end":{"line":271,"column":58}},"110":{"start":{"line":272,"column":4},"end":{"line":272,"column":61}},"111":{"start":{"line":277,"column":0},"end":{"line":367,"column":3}},"112":{"start":{"line":278,"column":2},"end":{"line":366,"column":3}},"113":{"start":{"line":279,"column":45},"end":{"line":279,"column":54}},"114":{"start":{"line":280,"column":19},"end":{"line":280,"column":37}},"115":{"start":{"line":282,"column":4},"end":{"line":284,"column":5}},"116":{"start":{"line":283,"column":6},"end":{"line":283,"column":73}},"117":{"start":{"line":287,"column":16},"end":{"line":309,"column":40}},"118":{"start":{"line":311,"column":43},"end":{"line":311,"column":54}},"119":{"start":{"line":314,"column":27},"end":{"line":332,"column":7}},"120":{"start":{"line":315,"column":26},"end":{"line":315,"column":46}},"121":{"start":{"line":316,"column":6},"end":{"line":326,"column":7}},"122":{"start":{"line":317,"column":8},"end":{"line":325,"column":9}},"123":{"start":{"line":318,"column":28},"end":{"line":321,"column":35}},"124":{"start":{"line":322,"column":10},"end":{"line":322,"column":37}},"125":{"start":{"line":324,"column":10},"end":{"line":324,"column":28}},"126":{"start":{"line":327,"column":6},"end":{"line":331,"column":8}},"127":{"start":{"line":334,"column":4},"end":{"line":337,"column":5}},"128":{"start":{"line":335,"column":6},"end":{"line":335,"column":50}},"129":{"start":{"line":336,"column":6},"end":{"line":336,"column":72}},"130":{"start":{"line":339,"column":4},"end":{"line":361,"column":7}},"131":{"start":{"line":340,"column":43},"end":{"line":355,"column":7}},"132":{"start":{"line":364,"column":4},"end":{"line":364,"column":48}},"133":{"start":{"line":365,"column":4},"end":{"line":365,"column":61}},"134":{"start":{"line":370,"column":0},"end":{"line":430,"column":3}},"135":{"start":{"line":371,"column":2},"end":{"line":429,"column":3}},"136":{"start":{"line":372,"column":19},"end":{"line":372,"column":29}},"137":{"start":{"line":375,"column":47},"end":{"line":380,"column":15}},"138":{"start":{"line":382,"column":4},"end":{"line":384,"column":5}},"139":{"start":{"line":383,"column":6},"end":{"line":383,"column":64}},"140":{"start":{"line":387,"column":47},"end":{"line":403,"column":45}},"141":{"start":{"line":405,"column":4},"end":{"line":408,"column":5}},"142":{"start":{"line":406,"column":6},"end":{"line":406,"column":63}},"143":{"start":{"line":407,"column":6},"end":{"line":407,"column":76}},"144":{"start":{"line":411,"column":24},"end":{"line":414,"column":22}},"145":{"start":{"line":412,"column":22},"end":{"line":412,"column":45}},"146":{"start":{"line":413,"column":19},"end":{"line":413,"column":29}},"147":{"start":{"line":416,"column":4},"end":{"line":424,"column":7}},"148":{"start":{"line":427,"column":4},"end":{"line":427,"column":51}},"149":{"start":{"line":428,"column":4},"end":{"line":428,"column":61}},"150":{"start":{"line":432,"column":0},"end":{"line":432,"column":24}}},"fnMap":{"0":{"name":"(anonymous_0)","decl":{"start":{"line":6,"column":26},"end":{"line":6,"column":27}},"loc":{"start":{"line":6,"column":52},"end":{"line":27,"column":1}},"line":6},"1":{"name":"(anonymous_1)","decl":{"start":{"line":30,"column":24},"end":{"line":30,"column":25}},"loc":{"start":{"line":30,"column":50},"end":{"line":42,"column":1}},"line":30},"2":{"name":"(anonymous_2)","decl":{"start":{"line":45,"column":23},"end":{"line":45,"column":24}},"loc":{"start":{"line":45,"column":43},"end":{"line":50,"column":1}},"line":45},"3":{"name":"(anonymous_3)","decl":{"start":{"line":53,"column":58},"end":{"line":53,"column":59}},"loc":{"start":{"line":53,"column":78},"end":{"line":96,"column":1}},"line":53},"4":{"name":"(anonymous_4)","decl":{"start":{"line":70,"column":64},"end":{"line":70,"column":65}},"loc":{"start":{"line":70,"column":79},"end":{"line":89,"column":5}},"line":70},"5":{"name":"(anonymous_5)","decl":{"start":{"line":99,"column":52},"end":{"line":99,"column":53}},"loc":{"start":{"line":99,"column":72},"end":{"line":124,"column":1}},"line":99},"6":{"name":"(anonymous_6)","decl":{"start":{"line":127,"column":54},"end":{"line":127,"column":55}},"loc":{"start":{"line":127,"column":74},"end":{"line":162,"column":1}},"line":127},"7":{"name":"(anonymous_7)","decl":{"start":{"line":165,"column":57},"end":{"line":165,"column":58}},"loc":{"start":{"line":165,"column":77},"end":{"line":187,"column":1}},"line":165},"8":{"name":"(anonymous_8)","decl":{"start":{"line":190,"column":61},"end":{"line":190,"column":62}},"loc":{"start":{"line":190,"column":81},"end":{"line":236,"column":1}},"line":190},"9":{"name":"(anonymous_9)","decl":{"start":{"line":239,"column":71},"end":{"line":239,"column":72}},"loc":{"start":{"line":239,"column":91},"end":{"line":274,"column":1}},"line":239},"10":{"name":"(anonymous_10)","decl":{"start":{"line":277,"column":39},"end":{"line":277,"column":40}},"loc":{"start":{"line":277,"column":59},"end":{"line":367,"column":1}},"line":277},"11":{"name":"(anonymous_11)","decl":{"start":{"line":314,"column":64},"end":{"line":314,"column":65}},"loc":{"start":{"line":314,"column":79},"end":{"line":332,"column":5}},"line":314},"12":{"name":"(anonymous_12)","decl":{"start":{"line":340,"column":33},"end":{"line":340,"column":34}},"loc":{"start":{"line":340,"column":43},"end":{"line":355,"column":7}},"line":340},"13":{"name":"(anonymous_13)","decl":{"start":{"line":370,"column":42},"end":{"line":370,"column":43}},"loc":{"start":{"line":370,"column":62},"end":{"line":430,"column":1}},"line":370},"14":{"name":"(anonymous_14)","decl":{"start":{"line":412,"column":12},"end":{"line":412,"column":13}},"loc":{"start":{"line":412,"column":22},"end":{"line":412,"column":45}},"line":412},"15":{"name":"(anonymous_15)","decl":{"start":{"line":413,"column":11},"end":{"line":413,"column":12}},"loc":{"start":{"line":413,"column":19},"end":{"line":413,"column":29}},"line":413}},"branchMap":{"0":{"loc":{"start":{"line":8,"column":2},"end":{"line":8,"column":74}},"type":"if","locations":[{"start":{"line":8,"column":2},"end":{"line":8,"column":74}},{"start":{},"end":{}}],"line":8},"1":{"loc":{"start":{"line":9,"column":2},"end":{"line":9,"column":95}},"type":"if","locations":[{"start":{"line":9,"column":2},"end":{"line":9,"column":95}},{"start":{},"end":{}}],"line":9},"2":{"loc":{"start":{"line":13,"column":4},"end":{"line":13,"column":80}},"type":"if","locations":[{"start":{"line":13,"column":4},"end":{"line":13,"column":80}},{"start":{},"end":{}}],"line":13},"3":{"loc":{"start":{"line":13,"column":8},"end":{"line":13,"column":22}},"type":"binary-expr","locations":[{"start":{"line":13,"column":8},"end":{"line":13,"column":13}},{"start":{"line":13,"column":17},"end":{"line":13,"column":22}}],"line":13},"4":{"loc":{"start":{"line":32,"column":2},"end":{"line":34,"column":3}},"type":"if","locations":[{"start":{"line":32,"column":2},"end":{"line":34,"column":3}},{"start":{},"end":{}}],"line":32},"5":{"loc":{"start":{"line":32,"column":6},"end":{"line":32,"column":45}},"type":"binary-expr","locations":[{"start":{"line":32,"column":6},"end":{"line":32,"column":12}},{"start":{"line":32,"column":16},"end":{"line":32,"column":45}}],"line":32},"6":{"loc":{"start":{"line":37,"column":4},"end":{"line":39,"column":5}},"type":"if","locations":[{"start":{"line":37,"column":4},"end":{"line":39,"column":5}},{"start":{},"end":{}}],"line":37},"7":{"loc":{"start":{"line":37,"column":8},"end":{"line":37,"column":22}},"type":"binary-expr","locations":[{"start":{"line":37,"column":8},"end":{"line":37,"column":14}},{"start":{"line":37,"column":18},"end":{"line":37,"column":22}}],"line":37},"8":{"loc":{"start":{"line":46,"column":2},"end":{"line":48,"column":3}},"type":"if","locations":[{"start":{"line":46,"column":2},"end":{"line":48,"column":3}},{"start":{},"end":{}}],"line":46},"9":{"loc":{"start":{"line":66,"column":4},"end":{"line":66,"column":80}},"type":"if","locations":[{"start":{"line":66,"column":4},"end":{"line":66,"column":80}},{"start":{},"end":{}}],"line":66},"10":{"loc":{"start":{"line":70,"column":46},"end":{"line":70,"column":58}},"type":"binary-expr","locations":[{"start":{"line":70,"column":46},"end":{"line":70,"column":52}},{"start":{"line":70,"column":56},"end":{"line":70,"column":58}}],"line":70},"11":{"loc":{"start":{"line":71,"column":26},"end":{"line":71,"column":46}},"type":"binary-expr","locations":[{"start":{"line":71,"column":26},"end":{"line":71,"column":41}},{"start":{"line":71,"column":45},"end":{"line":71,"column":46}}],"line":71},"12":{"loc":{"start":{"line":72,"column":6},"end":{"line":82,"column":7}},"type":"if","locations":[{"start":{"line":72,"column":6},"end":{"line":82,"column":7}},{"start":{},"end":{}}],"line":72},"13":{"loc":{"start":{"line":72,"column":10},"end":{"line":72,"column":47}},"type":"binary-expr","locations":[{"start":{"line":72,"column":10},"end":{"line":72,"column":24}},{"start":{"line":72,"column":28},"end":{"line":72,"column":47}}],"line":72},"14":{"loc":{"start":{"line":78,"column":26},"end":{"line":78,"column":36}},"type":"binary-expr","locations":[{"start":{"line":78,"column":26},"end":{"line":78,"column":31}},{"start":{"line":78,"column":35},"end":{"line":78,"column":36}}],"line":78},"15":{"loc":{"start":{"line":101,"column":57},"end":{"line":101,"column":72}},"type":"default-arg","locations":[{"start":{"line":101,"column":68},"end":{"line":101,"column":72}}],"line":101},"16":{"loc":{"start":{"line":103,"column":4},"end":{"line":103,"column":76}},"type":"if","locations":[{"start":{"line":103,"column":4},"end":{"line":103,"column":76}},{"start":{},"end":{}}],"line":103},"17":{"loc":{"start":{"line":118,"column":4},"end":{"line":118,"column":80}},"type":"if","locations":[{"start":{"line":118,"column":4},"end":{"line":118,"column":80}},{"start":{},"end":{}}],"line":118},"18":{"loc":{"start":{"line":140,"column":4},"end":{"line":140,"column":77}},"type":"if","locations":[{"start":{"line":140,"column":4},"end":{"line":140,"column":77}},{"start":{},"end":{}}],"line":140},"19":{"loc":{"start":{"line":156,"column":4},"end":{"line":156,"column":80}},"type":"if","locations":[{"start":{"line":156,"column":4},"end":{"line":156,"column":80}},{"start":{},"end":{}}],"line":156},"20":{"loc":{"start":{"line":177,"column":4},"end":{"line":177,"column":77}},"type":"if","locations":[{"start":{"line":177,"column":4},"end":{"line":177,"column":77}},{"start":{},"end":{}}],"line":177},"21":{"loc":{"start":{"line":181,"column":4},"end":{"line":181,"column":80}},"type":"if","locations":[{"start":{"line":181,"column":4},"end":{"line":181,"column":80}},{"start":{},"end":{}}],"line":181},"22":{"loc":{"start":{"line":203,"column":4},"end":{"line":203,"column":74}},"type":"if","locations":[{"start":{"line":203,"column":4},"end":{"line":203,"column":74}},{"start":{},"end":{}}],"line":203},"23":{"loc":{"start":{"line":214,"column":21},"end":{"line":214,"column":49}},"type":"cond-expr","locations":[{"start":{"line":214,"column":28},"end":{"line":214,"column":45}},{"start":{"line":214,"column":48},"end":{"line":214,"column":49}}],"line":214},"24":{"loc":{"start":{"line":222,"column":4},"end":{"line":222,"column":85}},"type":"if","locations":[{"start":{"line":222,"column":4},"end":{"line":222,"column":85}},{"start":{},"end":{}}],"line":222},"25":{"loc":{"start":{"line":251,"column":4},"end":{"line":251,"column":74}},"type":"if","locations":[{"start":{"line":251,"column":4},"end":{"line":251,"column":74}},{"start":{},"end":{}}],"line":251},"26":{"loc":{"start":{"line":259,"column":4},"end":{"line":259,"column":79}},"type":"if","locations":[{"start":{"line":259,"column":4},"end":{"line":259,"column":79}},{"start":{},"end":{}}],"line":259},"27":{"loc":{"start":{"line":279,"column":12},"end":{"line":279,"column":18}},"type":"default-arg","locations":[{"start":{"line":279,"column":16},"end":{"line":279,"column":18}}],"line":279},"28":{"loc":{"start":{"line":279,"column":20},"end":{"line":279,"column":28}},"type":"default-arg","locations":[{"start":{"line":279,"column":27},"end":{"line":279,"column":28}}],"line":279},"29":{"loc":{"start":{"line":279,"column":30},"end":{"line":279,"column":40}},"type":"default-arg","locations":[{"start":{"line":279,"column":38},"end":{"line":279,"column":40}}],"line":279},"30":{"loc":{"start":{"line":282,"column":4},"end":{"line":284,"column":5}},"type":"if","locations":[{"start":{"line":282,"column":4},"end":{"line":284,"column":5}},{"start":{},"end":{}}],"line":282},"31":{"loc":{"start":{"line":282,"column":8},"end":{"line":282,"column":37}},"type":"binary-expr","locations":[{"start":{"line":282,"column":8},"end":{"line":282,"column":10}},{"start":{"line":282,"column":14},"end":{"line":282,"column":37}}],"line":282},"32":{"loc":{"start":{"line":314,"column":46},"end":{"line":314,"column":58}},"type":"binary-expr","locations":[{"start":{"line":314,"column":46},"end":{"line":314,"column":52}},{"start":{"line":314,"column":56},"end":{"line":314,"column":58}}],"line":314},"33":{"loc":{"start":{"line":315,"column":26},"end":{"line":315,"column":46}},"type":"binary-expr","locations":[{"start":{"line":315,"column":26},"end":{"line":315,"column":41}},{"start":{"line":315,"column":45},"end":{"line":315,"column":46}}],"line":315},"34":{"loc":{"start":{"line":316,"column":6},"end":{"line":326,"column":7}},"type":"if","locations":[{"start":{"line":316,"column":6},"end":{"line":326,"column":7}},{"start":{},"end":{}}],"line":316},"35":{"loc":{"start":{"line":316,"column":10},"end":{"line":316,"column":47}},"type":"binary-expr","locations":[{"start":{"line":316,"column":10},"end":{"line":316,"column":24}},{"start":{"line":316,"column":28},"end":{"line":316,"column":47}}],"line":316},"36":{"loc":{"start":{"line":322,"column":26},"end":{"line":322,"column":36}},"type":"binary-expr","locations":[{"start":{"line":322,"column":26},"end":{"line":322,"column":31}},{"start":{"line":322,"column":35},"end":{"line":322,"column":36}}],"line":322},"37":{"loc":{"start":{"line":334,"column":4},"end":{"line":337,"column":5}},"type":"if","locations":[{"start":{"line":334,"column":4},"end":{"line":337,"column":5}},{"start":{},"end":{}}],"line":334},"38":{"loc":{"start":{"line":349,"column":17},"end":{"line":354,"column":16}},"type":"cond-expr","locations":[{"start":{"line":349,"column":33},"end":{"line":354,"column":9}},{"start":{"line":354,"column":12},"end":{"line":354,"column":16}}],"line":349},"39":{"loc":{"start":{"line":359,"column":15},"end":{"line":359,"column":37}},"type":"binary-expr","locations":[{"start":{"line":359,"column":15},"end":{"line":359,"column":20}},{"start":{"line":359,"column":24},"end":{"line":359,"column":37}}],"line":359},"40":{"loc":{"start":{"line":382,"column":4},"end":{"line":384,"column":5}},"type":"if","locations":[{"start":{"line":382,"column":4},"end":{"line":384,"column":5}},{"start":{},"end":{}}],"line":382},"41":{"loc":{"start":{"line":382,"column":8},"end":{"line":382,"column":28}},"type":"binary-expr","locations":[{"start":{"line":382,"column":8},"end":{"line":382,"column":18}},{"start":{"line":382,"column":22},"end":{"line":382,"column":28}}],"line":382},"42":{"loc":{"start":{"line":405,"column":4},"end":{"line":408,"column":5}},"type":"if","locations":[{"start":{"line":405,"column":4},"end":{"line":408,"column":5}},{"start":{},"end":{}}],"line":405},"43":{"loc":{"start":{"line":411,"column":25},"end":{"line":411,"column":36}},"type":"binary-expr","locations":[{"start":{"line":411,"column":25},"end":{"line":411,"column":30}},{"start":{"line":411,"column":34},"end":{"line":411,"column":36}}],"line":411}},"s":{"0":0,"1":0,"2":0,"3":0,"4":0,"5":0,"6":0,"7":0,"8":0,"9":0,"10":0,"11":0,"12":0,"13":0,"14":0,"15":0,"16":0,"17":0,"18":0,"19":0,"20":0,"21":0,"22":0,"23":0,"24":0,"25":0,"26":0,"27":0,"28":0,"29":0,"30":0,"31":0,"32":0,"33":0,"34":0,"35":0,"36":0,"37":0,"38":0,"39":0,"40":0,"41":0,"42":0,"43":0,"44":0,"45":0,"46":0,"47":0,"48":0,"49":0,"50":0,"51":0,"52":0,"53":0,"54":0,"55":0,"56":0,"57":0,"58":0,"59":0,"60":0,"61":0,"62":0,"63":0,"64":0,"65":0,"66":0,"67":0,"68":0,"69":0,"70":0,"71":0,"72":0,"73":0,"74":0,"75":0,"76":0,"77":0,"78":0,"79":0,"80":0,"81":0,"82":0,"83":0,"84":0,"85":0,"86":0,"87":0,"88":0,"89":0,"90":0,"91":0,"92":0,"93":0,"94":0,"95":0,"96":0,"97":0,"98":0,"99":0,"100":0,"101":0,"102":0,"103":0,"104":0,"105":0,"106":0,"107":0,"108":0,"109":0,"110":0,"111":0,"112":0,"113":0,"114":0,"115":0,"116":0,"117":0,"118":0,"119":0,"120":0,"121":0,"122":0,"123":0,"124":0,"125":0,"126":0,"127":0,"128":0,"129":0,"130":0,"131":0,"132":0,"133":0,"134":0,"135":0,"136":0,"137":0,"138":0,"139":0,"140":0,"141":0,"142":0,"143":0,"144":0,"145":0,"146":0,"147":0,"148":0,"149":0,"150":0},"f":{"0":0,"1":0,"2":0,"3":0,"4":0,"5":0,"6":0,"7":0,"8":0,"9":0,"10":0,"11":0,"12":0,"13":0,"14":0,"15":0},"b":{"0":[0,0],"1":[0,0],"2":[0,0],"3":[0,0],"4":[0,0],"5":[0,0],"6":[0,0],"7":[0,0],"8":[0,0],"9":[0,0],"10":[0,0],"11":[0,0],"12":[0,0],"13":[0,0],"14":[0,0],"15":[0],"16":[0,0],"17":[0,0],"18":[0,0],"19":[0,0],"20":[0,0],"21":[0,0],"22":[0,0],"23":[0,0],"24":[0,0],"25":[0,0],"26":[0,0],"27":[0],"28":[0],"29":[0],"30":[0,0],"31":[0,0],"32":[0,0],"33":[0,0],"34":[0,0],"35":[0,0],"36":[0,0],"37":[0,0],"38":[0,0],"39":[0,0],"40":[0,0],"41":[0,0],"42":[0,0],"43":[0,0]}}
,"C:\\Users\\pmjpr\\OneDrive\\Desktop\\MMS1\\backend\\routes\\analytics.js": {"path":"C:\\Users\\pmjpr\\OneDrive\\Desktop\\MMS1\\backend\\routes\\analytics.js","statementMap":{"0":{"start":{"line":1,"column":16},"end":{"line":1,"column":34}},"1":{"start":{"line":2,"column":12},"end":{"line":2,"column":35}},"2":{"start":{"line":3,"column":17},"end":{"line":3,"column":46}},"3":{"start":{"line":5,"column":15},"end":{"line":5,"column":31}},"4":{"start":{"line":8,"column":26},"end":{"line":37,"column":1}},"5":{"start":{"line":9,"column":16},"end":{"line":9,"column":56}},"6":{"start":{"line":11,"column":2},"end":{"line":13,"column":3}},"7":{"start":{"line":12,"column":4},"end":{"line":12,"column":64}},"8":{"start":{"line":15,"column":2},"end":{"line":17,"column":3}},"9":{"start":{"line":16,"column":4},"end":{"line":16,"column":62}},"10":{"start":{"line":19,"column":2},"end":{"line":36,"column":3}},"11":{"start":{"line":20,"column":38},"end":{"line":20,"column":72}},"12":{"start":{"line":21,"column":4},"end":{"line":21,"column":27}},"13":{"start":{"line":21,"column":15},"end":{"line":21,"column":27}},"14":{"start":{"line":22,"column":4},"end":{"line":22,"column":71}},"15":{"start":{"line":22,"column":15},"end":{"line":22,"column":71}},"16":{"start":{"line":25,"column":29},"end":{"line":29,"column":20}},"17":{"start":{"line":32,"column":4},"end":{"line":32,"column":70}},"18":{"start":{"line":33,"column":4},"end":{"line":33,"column":11}},"19":{"start":{"line":35,"column":4},"end":{"line":35,"column":60}},"20":{"start":{"line":40,"column":23},"end":{"line":45,"column":1}},"21":{"start":{"line":41,"column":2},"end":{"line":43,"column":3}},"22":{"start":{"line":42,"column":4},"end":{"line":42,"column":78}},"23":{"start":{"line":44,"column":2},"end":{"line":44,"column":9}},"24":{"start":{"line":48,"column":0},"end":{"line":191,"column":3}},"25":{"start":{"line":49,"column":2},"end":{"line":190,"column":3}},"26":{"start":{"line":50,"column":28},"end":{"line":50,"column":37}},"27":{"start":{"line":51,"column":17},"end":{"line":51,"column":28}},"28":{"start":{"line":54,"column":47},"end":{"line":58,"column":15}},"29":{"start":{"line":60,"column":4},"end":{"line":62,"column":5}},"30":{"start":{"line":61,"column":6},"end":{"line":61,"column":78}},"31":{"start":{"line":65,"column":54},"end":{"line":68,"column":31}},"32":{"start":{"line":70,"column":25},"end":{"line":70,"column":97}},"33":{"start":{"line":70,"column":60},"end":{"line":70,"column":88}},"34":{"start":{"line":73,"column":47},"end":{"line":87,"column":48}},"35":{"start":{"line":89,"column":4},"end":{"line":91,"column":5}},"36":{"start":{"line":90,"column":6},"end":{"line":90,"column":70}},"37":{"start":{"line":94,"column":23},"end":{"line":94,"column":33}},"38":{"start":{"line":95,"column":4},"end":{"line":95,"column":64}},"39":{"start":{"line":97,"column":24},"end":{"line":99,"column":5}},"40":{"start":{"line":98,"column":6},"end":{"line":98,"column":45}},"41":{"start":{"line":101,"column":28},"end":{"line":112,"column":57}},"42":{"start":{"line":102,"column":24},"end":{"line":102,"column":49}},"43":{"start":{"line":103,"column":25},"end":{"line":103,"column":83}},"44":{"start":{"line":103,"column":54},"end":{"line":103,"column":79}},"45":{"start":{"line":104,"column":28},"end":{"line":104,"column":91}},"46":{"start":{"line":104,"column":57},"end":{"line":104,"column":87}},"47":{"start":{"line":106,"column":6},"end":{"line":111,"column":8}},"48":{"start":{"line":115,"column":59},"end":{"line":131,"column":16}},"49":{"start":{"line":133,"column":4},"end":{"line":135,"column":5}},"50":{"start":{"line":134,"column":6},"end":{"line":134,"column":80}},"51":{"start":{"line":138,"column":21},"end":{"line":154,"column":18}},"52":{"start":{"line":140,"column":26},"end":{"line":140,"column":51}},"53":{"start":{"line":141,"column":27},"end":{"line":141,"column":85}},"54":{"start":{"line":141,"column":56},"end":{"line":141,"column":81}},"55":{"start":{"line":142,"column":30},"end":{"line":142,"column":93}},"56":{"start":{"line":142,"column":59},"end":{"line":142,"column":89}},"57":{"start":{"line":144,"column":8},"end":{"line":151,"column":10}},"58":{"start":{"line":153,"column":22},"end":{"line":153,"column":49}},"59":{"start":{"line":156,"column":4},"end":{"line":185,"column":7}},"60":{"start":{"line":171,"column":54},"end":{"line":177,"column":7}},"61":{"start":{"line":178,"column":32},"end":{"line":184,"column":7}},"62":{"start":{"line":188,"column":4},"end":{"line":188,"column":57}},"63":{"start":{"line":189,"column":4},"end":{"line":189,"column":61}},"64":{"start":{"line":194,"column":0},"end":{"line":280,"column":3}},"65":{"start":{"line":195,"column":2},"end":{"line":279,"column":3}},"66":{"start":{"line":196,"column":21},"end":{"line":196,"column":31}},"67":{"start":{"line":197,"column":17},"end":{"line":197,"column":28}},"68":{"start":{"line":200,"column":45},"end":{"line":205,"column":15}},"69":{"start":{"line":207,"column":4},"end":{"line":209,"column":5}},"70":{"start":{"line":208,"column":6},"end":{"line":208,"column":80}},"71":{"start":{"line":212,"column":55},"end":{"line":221,"column":49}},"72":{"start":{"line":223,"column":4},"end":{"line":225,"column":5}},"73":{"start":{"line":224,"column":6},"end":{"line":224,"column":79}},"74":{"start":{"line":228,"column":23},"end":{"line":228,"column":81}},"75":{"start":{"line":228,"column":52},"end":{"line":228,"column":77}},"76":{"start":{"line":229,"column":26},"end":{"line":229,"column":89}},"77":{"start":{"line":229,"column":55},"end":{"line":229,"column":85}},"78":{"start":{"line":230,"column":28},"end":{"line":230,"column":44}},"79":{"start":{"line":231,"column":24},"end":{"line":231,"column":71}},"80":{"start":{"line":234,"column":26},"end":{"line":234,"column":36}},"81":{"start":{"line":235,"column":4},"end":{"line":235,"column":56}},"82":{"start":{"line":237,"column":23},"end":{"line":237,"column":25}},"83":{"start":{"line":238,"column":4},"end":{"line":243,"column":5}},"84":{"start":{"line":238,"column":17},"end":{"line":238,"column":18}},"85":{"start":{"line":239,"column":19},"end":{"line":239,"column":42}},"86":{"start":{"line":240,"column":6},"end":{"line":240,"column":39}},"87":{"start":{"line":241,"column":22},"end":{"line":241,"column":54}},"88":{"start":{"line":242,"column":6},"end":{"line":242,"column":30}},"89":{"start":{"line":245,"column":4},"end":{"line":250,"column":7}},"90":{"start":{"line":246,"column":22},"end":{"line":246,"column":80}},"91":{"start":{"line":247,"column":6},"end":{"line":249,"column":7}},"92":{"start":{"line":248,"column":8},"end":{"line":248,"column":56}},"93":{"start":{"line":252,"column":4},"end":{"line":274,"column":7}},"94":{"start":{"line":263,"column":71},"end":{"line":266,"column":9}},"95":{"start":{"line":268,"column":62},"end":{"line":273,"column":7}},"96":{"start":{"line":277,"column":4},"end":{"line":277,"column":54}},"97":{"start":{"line":278,"column":4},"end":{"line":278,"column":61}},"98":{"start":{"line":283,"column":0},"end":{"line":350,"column":3}},"99":{"start":{"line":284,"column":2},"end":{"line":349,"column":3}},"100":{"start":{"line":285,"column":18},"end":{"line":285,"column":58}},"101":{"start":{"line":286,"column":17},"end":{"line":286,"column":21}},"102":{"start":{"line":287,"column":4},"end":{"line":294,"column":5}},"103":{"start":{"line":288,"column":6},"end":{"line":293,"column":20}},"104":{"start":{"line":289,"column":42},"end":{"line":289,"column":76}},"105":{"start":{"line":290,"column":8},"end":{"line":292,"column":9}},"106":{"start":{"line":291,"column":10},"end":{"line":291,"column":27}},"107":{"start":{"line":295,"column":33},"end":{"line":295,"column":41}},"108":{"start":{"line":296,"column":4},"end":{"line":298,"column":5}},"109":{"start":{"line":297,"column":6},"end":{"line":297,"column":58}},"110":{"start":{"line":299,"column":4},"end":{"line":335,"column":5}},"111":{"start":{"line":300,"column":6},"end":{"line":308,"column":20}},"112":{"start":{"line":301,"column":8},"end":{"line":307,"column":13}},"113":{"start":{"line":309,"column":6},"end":{"line":334,"column":20}},"114":{"start":{"line":310,"column":44},"end":{"line":315,"column":24}},"115":{"start":{"line":316,"column":8},"end":{"line":333,"column":9}},"116":{"start":{"line":317,"column":10},"end":{"line":323,"column":44}},"117":{"start":{"line":325,"column":10},"end":{"line":332,"column":15}},"118":{"start":{"line":337,"column":4},"end":{"line":345,"column":5}},"119":{"start":{"line":338,"column":6},"end":{"line":338,"column":74}},"120":{"start":{"line":341,"column":6},"end":{"line":344,"column":26}},"121":{"start":{"line":346,"column":4},"end":{"line":346,"column":55}},"122":{"start":{"line":348,"column":4},"end":{"line":348,"column":37}},"123":{"start":{"line":353,"column":0},"end":{"line":429,"column":3}},"124":{"start":{"line":354,"column":2},"end":{"line":428,"column":3}},"125":{"start":{"line":355,"column":23},"end":{"line":355,"column":33}},"126":{"start":{"line":356,"column":18},"end":{"line":356,"column":49}},"127":{"start":{"line":359,"column":58},"end":{"line":385,"column":6}},"128":{"start":{"line":387,"column":23},"end":{"line":387,"column":48}},"129":{"start":{"line":388,"column":18},"end":{"line":388,"column":38}},"130":{"start":{"line":389,"column":25},"end":{"line":389,"column":42}},"131":{"start":{"line":390,"column":21},"end":{"line":390,"column":46}},"132":{"start":{"line":392,"column":4},"end":{"line":395,"column":5}},"133":{"start":{"line":393,"column":6},"end":{"line":393,"column":55}},"134":{"start":{"line":394,"column":6},"end":{"line":394,"column":73}},"135":{"start":{"line":398,"column":23},"end":{"line":398,"column":25}},"136":{"start":{"line":399,"column":4},"end":{"line":407,"column":7}},"137":{"start":{"line":400,"column":6},"end":{"line":406,"column":7}},"138":{"start":{"line":401,"column":23},"end":{"line":401,"column":35}},"139":{"start":{"line":402,"column":8},"end":{"line":404,"column":9}},"140":{"start":{"line":403,"column":10},"end":{"line":403,"column":62}},"141":{"start":{"line":405,"column":8},"end":{"line":405,"column":35}},"142":{"start":{"line":408,"column":22},"end":{"line":411,"column":61}},"143":{"start":{"line":409,"column":22},"end":{"line":409,"column":39}},"144":{"start":{"line":411,"column":20},"end":{"line":411,"column":59}},"145":{"start":{"line":413,"column":4},"end":{"line":424,"column":7}},"146":{"start":{"line":414,"column":43},"end":{"line":419,"column":7}},"147":{"start":{"line":426,"column":4},"end":{"line":426,"column":48}},"148":{"start":{"line":427,"column":4},"end":{"line":427,"column":61}},"149":{"start":{"line":432,"column":0},"end":{"line":481,"column":3}},"150":{"start":{"line":433,"column":2},"end":{"line":480,"column":3}},"151":{"start":{"line":434,"column":17},"end":{"line":434,"column":28}},"152":{"start":{"line":435,"column":37},"end":{"line":435,"column":46}},"153":{"start":{"line":437,"column":19},"end":{"line":437,"column":37}},"154":{"start":{"line":439,"column":37},"end":{"line":454,"column":40}},"155":{"start":{"line":456,"column":4},"end":{"line":458,"column":5}},"156":{"start":{"line":457,"column":6},"end":{"line":457,"column":82}},"157":{"start":{"line":460,"column":4},"end":{"line":475,"column":7}},"158":{"start":{"line":461,"column":37},"end":{"line":469,"column":7}},"159":{"start":{"line":478,"column":4},"end":{"line":478,"column":47}},"160":{"start":{"line":479,"column":4},"end":{"line":479,"column":61}},"161":{"start":{"line":484,"column":0},"end":{"line":546,"column":3}},"162":{"start":{"line":485,"column":2},"end":{"line":545,"column":3}},"163":{"start":{"line":486,"column":41},"end":{"line":486,"column":50}},"164":{"start":{"line":488,"column":23},"end":{"line":488,"column":33}},"165":{"start":{"line":489,"column":4},"end":{"line":489,"column":64}},"166":{"start":{"line":491,"column":38},"end":{"line":506,"column":29}},"167":{"start":{"line":508,"column":4},"end":{"line":510,"column":5}},"168":{"start":{"line":509,"column":6},"end":{"line":509,"column":79}},"169":{"start":{"line":513,"column":22},"end":{"line":513,"column":24}},"170":{"start":{"line":514,"column":4},"end":{"line":523,"column":7}},"171":{"start":{"line":515,"column":21},"end":{"line":515,"column":35}},"172":{"start":{"line":516,"column":6},"end":{"line":521,"column":7}},"173":{"start":{"line":517,"column":8},"end":{"line":520,"column":10}},"174":{"start":{"line":522,"column":6},"end":{"line":522,"column":60}},"175":{"start":{"line":525,"column":26},"end":{"line":535,"column":9}},"176":{"start":{"line":526,"column":22},"end":{"line":526,"column":49}},"177":{"start":{"line":527,"column":20},"end":{"line":535,"column":7}},"178":{"start":{"line":537,"column":4},"end":{"line":540,"column":7}},"179":{"start":{"line":543,"column":4},"end":{"line":543,"column":54}},"180":{"start":{"line":544,"column":4},"end":{"line":544,"column":61}},"181":{"start":{"line":548,"column":0},"end":{"line":548,"column":24}}},"fnMap":{"0":{"name":"(anonymous_0)","decl":{"start":{"line":8,"column":26},"end":{"line":8,"column":27}},"loc":{"start":{"line":8,"column":52},"end":{"line":37,"column":1}},"line":8},"1":{"name":"(anonymous_1)","decl":{"start":{"line":40,"column":23},"end":{"line":40,"column":24}},"loc":{"start":{"line":40,"column":43},"end":{"line":45,"column":1}},"line":40},"2":{"name":"(anonymous_2)","decl":{"start":{"line":48,"column":58},"end":{"line":48,"column":59}},"loc":{"start":{"line":48,"column":78},"end":{"line":191,"column":1}},"line":48},"3":{"name":"(anonymous_3)","decl":{"start":{"line":70,"column":45},"end":{"line":70,"column":46}},"loc":{"start":{"line":70,"column":60},"end":{"line":70,"column":88}},"line":70},"4":{"name":"(anonymous_4)","decl":{"start":{"line":97,"column":37},"end":{"line":97,"column":38}},"loc":{"start":{"line":98,"column":6},"end":{"line":98,"column":45}},"line":98},"5":{"name":"(anonymous_5)","decl":{"start":{"line":101,"column":47},"end":{"line":101,"column":48}},"loc":{"start":{"line":101,"column":62},"end":{"line":112,"column":5}},"line":101},"6":{"name":"(anonymous_6)","decl":{"start":{"line":103,"column":42},"end":{"line":103,"column":43}},"loc":{"start":{"line":103,"column":54},"end":{"line":103,"column":79}},"line":103},"7":{"name":"(anonymous_7)","decl":{"start":{"line":104,"column":45},"end":{"line":104,"column":46}},"loc":{"start":{"line":104,"column":57},"end":{"line":104,"column":87}},"line":104},"8":{"name":"(anonymous_8)","decl":{"start":{"line":139,"column":11},"end":{"line":139,"column":12}},"loc":{"start":{"line":139,"column":19},"end":{"line":152,"column":7}},"line":139},"9":{"name":"(anonymous_9)","decl":{"start":{"line":141,"column":44},"end":{"line":141,"column":45}},"loc":{"start":{"line":141,"column":56},"end":{"line":141,"column":81}},"line":141},"10":{"name":"(anonymous_10)","decl":{"start":{"line":142,"column":47},"end":{"line":142,"column":48}},"loc":{"start":{"line":142,"column":59},"end":{"line":142,"column":89}},"line":142},"11":{"name":"(anonymous_11)","decl":{"start":{"line":153,"column":12},"end":{"line":153,"column":13}},"loc":{"start":{"line":153,"column":22},"end":{"line":153,"column":49}},"line":153},"12":{"name":"(anonymous_12)","decl":{"start":{"line":171,"column":41},"end":{"line":171,"column":42}},"loc":{"start":{"line":171,"column":54},"end":{"line":177,"column":7}},"line":171},"13":{"name":"(anonymous_13)","decl":{"start":{"line":178,"column":23},"end":{"line":178,"column":24}},"loc":{"start":{"line":178,"column":32},"end":{"line":184,"column":7}},"line":178},"14":{"name":"(anonymous_14)","decl":{"start":{"line":194,"column":63},"end":{"line":194,"column":64}},"loc":{"start":{"line":194,"column":83},"end":{"line":280,"column":1}},"line":194},"15":{"name":"(anonymous_15)","decl":{"start":{"line":228,"column":40},"end":{"line":228,"column":41}},"loc":{"start":{"line":228,"column":52},"end":{"line":228,"column":77}},"line":228},"16":{"name":"(anonymous_16)","decl":{"start":{"line":229,"column":43},"end":{"line":229,"column":44}},"loc":{"start":{"line":229,"column":55},"end":{"line":229,"column":85}},"line":229},"17":{"name":"(anonymous_17)","decl":{"start":{"line":245,"column":22},"end":{"line":245,"column":23}},"loc":{"start":{"line":245,"column":34},"end":{"line":250,"column":5}},"line":245},"18":{"name":"(anonymous_18)","decl":{"start":{"line":263,"column":51},"end":{"line":263,"column":52}},"loc":{"start":{"line":263,"column":71},"end":{"line":266,"column":9}},"line":263},"19":{"name":"(anonymous_19)","decl":{"start":{"line":268,"column":49},"end":{"line":268,"column":50}},"loc":{"start":{"line":268,"column":62},"end":{"line":273,"column":7}},"line":268},"20":{"name":"(anonymous_20)","decl":{"start":{"line":283,"column":27},"end":{"line":283,"column":28}},"loc":{"start":{"line":283,"column":47},"end":{"line":350,"column":1}},"line":283},"21":{"name":"(anonymous_21)","decl":{"start":{"line":353,"column":32},"end":{"line":353,"column":33}},"loc":{"start":{"line":353,"column":52},"end":{"line":429,"column":1}},"line":353},"22":{"name":"(anonymous_22)","decl":{"start":{"line":399,"column":21},"end":{"line":399,"column":22}},"loc":{"start":{"line":399,"column":29},"end":{"line":407,"column":5}},"line":399},"23":{"name":"(anonymous_23)","decl":{"start":{"line":409,"column":12},"end":{"line":409,"column":13}},"loc":{"start":{"line":409,"column":22},"end":{"line":409,"column":39}},"line":409},"24":{"name":"(anonymous_24)","decl":{"start":{"line":411,"column":11},"end":{"line":411,"column":12}},"loc":{"start":{"line":411,"column":20},"end":{"line":411,"column":59}},"line":411},"25":{"name":"(anonymous_25)","decl":{"start":{"line":414,"column":37},"end":{"line":414,"column":38}},"loc":{"start":{"line":414,"column":43},"end":{"line":419,"column":7}},"line":414},"26":{"name":"(anonymous_26)","decl":{"start":{"line":432,"column":42},"end":{"line":432,"column":43}},"loc":{"start":{"line":432,"column":62},"end":{"line":481,"column":1}},"line":432},"27":{"name":"(anonymous_27)","decl":{"start":{"line":461,"column":27},"end":{"line":461,"column":28}},"loc":{"start":{"line":461,"column":37},"end":{"line":469,"column":7}},"line":461},"28":{"name":"(anonymous_28)","decl":{"start":{"line":484,"column":24},"end":{"line":484,"column":25}},"loc":{"start":{"line":484,"column":44},"end":{"line":546,"column":1}},"line":484},"29":{"name":"(anonymous_29)","decl":{"start":{"line":514,"column":21},"end":{"line":514,"column":22}},"loc":{"start":{"line":514,"column":30},"end":{"line":523,"column":5}},"line":514},"30":{"name":"(anonymous_30)","decl":{"start":{"line":526,"column":12},"end":{"line":526,"column":13}},"loc":{"start":{"line":526,"column":22},"end":{"line":526,"column":49}},"line":526},"31":{"name":"(anonymous_31)","decl":{"start":{"line":527,"column":11},"end":{"line":527,"column":12}},"loc":{"start":{"line":527,"column":20},"end":{"line":535,"column":7}},"line":527}},"branchMap":{"0":{"loc":{"start":{"line":11,"column":2},"end":{"line":13,"column":3}},"type":"if","locations":[{"start":{"line":11,"column":2},"end":{"line":13,"column":3}},{"start":{},"end":{}}],"line":11},"1":{"loc":{"start":{"line":15,"column":2},"end":{"line":17,"column":3}},"type":"if","locations":[{"start":{"line":15,"column":2},"end":{"line":17,"column":3}},{"start":{},"end":{}}],"line":15},"2":{"loc":{"start":{"line":21,"column":4},"end":{"line":21,"column":27}},"type":"if","locations":[{"start":{"line":21,"column":4},"end":{"line":21,"column":27}},{"start":{},"end":{}}],"line":21},"3":{"loc":{"start":{"line":22,"column":4},"end":{"line":22,"column":71}},"type":"if","locations":[{"start":{"line":22,"column":4},"end":{"line":22,"column":71}},{"start":{},"end":{}}],"line":22},"4":{"loc":{"start":{"line":41,"column":2},"end":{"line":43,"column":3}},"type":"if","locations":[{"start":{"line":41,"column":2},"end":{"line":43,"column":3}},{"start":{},"end":{}}],"line":41},"5":{"loc":{"start":{"line":50,"column":10},"end":{"line":50,"column":23}},"type":"default-arg","locations":[{"start":{"line":50,"column":19},"end":{"line":50,"column":23}}],"line":50},"6":{"loc":{"start":{"line":60,"column":4},"end":{"line":62,"column":5}},"type":"if","locations":[{"start":{"line":60,"column":4},"end":{"line":62,"column":5}},{"start":{},"end":{}}],"line":60},"7":{"loc":{"start":{"line":60,"column":8},"end":{"line":60,"column":52}},"type":"binary-expr","locations":[{"start":{"line":60,"column":8},"end":{"line":60,"column":18}},{"start":{"line":60,"column":22},"end":{"line":60,"column":52}}],"line":60},"8":{"loc":{"start":{"line":70,"column":25},"end":{"line":70,"column":97}},"type":"binary-expr","locations":[{"start":{"line":70,"column":25},"end":{"line":70,"column":92}},{"start":{"line":70,"column":96},"end":{"line":70,"column":97}}],"line":70},"9":{"loc":{"start":{"line":70,"column":67},"end":{"line":70,"column":87}},"type":"binary-expr","locations":[{"start":{"line":70,"column":67},"end":{"line":70,"column":82}},{"start":{"line":70,"column":86},"end":{"line":70,"column":87}}],"line":70},"10":{"loc":{"start":{"line":89,"column":4},"end":{"line":91,"column":5}},"type":"if","locations":[{"start":{"line":89,"column":4},"end":{"line":91,"column":5}},{"start":{},"end":{}}],"line":89},"11":{"loc":{"start":{"line":102,"column":24},"end":{"line":102,"column":49}},"type":"binary-expr","locations":[{"start":{"line":102,"column":24},"end":{"line":102,"column":43}},{"start":{"line":102,"column":47},"end":{"line":102,"column":49}}],"line":102},"12":{"loc":{"start":{"line":103,"column":61},"end":{"line":103,"column":78}},"type":"binary-expr","locations":[{"start":{"line":103,"column":61},"end":{"line":103,"column":73}},{"start":{"line":103,"column":77},"end":{"line":103,"column":78}}],"line":103},"13":{"loc":{"start":{"line":104,"column":64},"end":{"line":104,"column":86}},"type":"binary-expr","locations":[{"start":{"line":104,"column":64},"end":{"line":104,"column":81}},{"start":{"line":104,"column":85},"end":{"line":104,"column":86}}],"line":104},"14":{"loc":{"start":{"line":133,"column":4},"end":{"line":135,"column":5}},"type":"if","locations":[{"start":{"line":133,"column":4},"end":{"line":135,"column":5}},{"start":{},"end":{}}],"line":133},"15":{"loc":{"start":{"line":140,"column":26},"end":{"line":140,"column":51}},"type":"binary-expr","locations":[{"start":{"line":140,"column":26},"end":{"line":140,"column":45}},{"start":{"line":140,"column":49},"end":{"line":140,"column":51}}],"line":140},"16":{"loc":{"start":{"line":141,"column":63},"end":{"line":141,"column":80}},"type":"binary-expr","locations":[{"start":{"line":141,"column":63},"end":{"line":141,"column":75}},{"start":{"line":141,"column":79},"end":{"line":141,"column":80}}],"line":141},"17":{"loc":{"start":{"line":142,"column":66},"end":{"line":142,"column":88}},"type":"binary-expr","locations":[{"start":{"line":142,"column":66},"end":{"line":142,"column":83}},{"start":{"line":142,"column":87},"end":{"line":142,"column":88}}],"line":142},"18":{"loc":{"start":{"line":150,"column":23},"end":{"line":150,"column":70}},"type":"cond-expr","locations":[{"start":{"line":150,"column":40},"end":{"line":150,"column":66}},{"start":{"line":150,"column":69},"end":{"line":150,"column":70}}],"line":150},"19":{"loc":{"start":{"line":158,"column":20},"end":{"line":158,"column":43}},"type":"binary-expr","locations":[{"start":{"line":158,"column":20},"end":{"line":158,"column":38}},{"start":{"line":158,"column":42},"end":{"line":158,"column":43}}],"line":158},"20":{"loc":{"start":{"line":159,"column":22},"end":{"line":159,"column":47}},"type":"binary-expr","locations":[{"start":{"line":159,"column":22},"end":{"line":159,"column":42}},{"start":{"line":159,"column":46},"end":{"line":159,"column":47}}],"line":159},"21":{"loc":{"start":{"line":160,"column":24},"end":{"line":160,"column":51}},"type":"binary-expr","locations":[{"start":{"line":160,"column":24},"end":{"line":160,"column":46}},{"start":{"line":160,"column":50},"end":{"line":160,"column":51}}],"line":160},"22":{"loc":{"start":{"line":161,"column":26},"end":{"line":161,"column":55}},"type":"binary-expr","locations":[{"start":{"line":161,"column":26},"end":{"line":161,"column":50}},{"start":{"line":161,"column":54},"end":{"line":161,"column":55}}],"line":161},"23":{"loc":{"start":{"line":168,"column":25},"end":{"line":168,"column":115}},"type":"cond-expr","locations":[{"start":{"line":168,"column":57},"end":{"line":168,"column":111}},{"start":{"line":168,"column":114},"end":{"line":168,"column":115}}],"line":168},"24":{"loc":{"start":{"line":183,"column":19},"end":{"line":183,"column":44}},"type":"binary-expr","locations":[{"start":{"line":183,"column":19},"end":{"line":183,"column":38}},{"start":{"line":183,"column":42},"end":{"line":183,"column":44}}],"line":183},"25":{"loc":{"start":{"line":207,"column":4},"end":{"line":209,"column":5}},"type":"if","locations":[{"start":{"line":207,"column":4},"end":{"line":209,"column":5}},{"start":{},"end":{}}],"line":207},"26":{"loc":{"start":{"line":207,"column":8},"end":{"line":207,"column":26}},"type":"binary-expr","locations":[{"start":{"line":207,"column":8},"end":{"line":207,"column":17}},{"start":{"line":207,"column":21},"end":{"line":207,"column":26}}],"line":207},"27":{"loc":{"start":{"line":223,"column":4},"end":{"line":225,"column":5}},"type":"if","locations":[{"start":{"line":223,"column":4},"end":{"line":225,"column":5}},{"start":{},"end":{}}],"line":223},"28":{"loc":{"start":{"line":228,"column":59},"end":{"line":228,"column":76}},"type":"binary-expr","locations":[{"start":{"line":228,"column":59},"end":{"line":228,"column":71}},{"start":{"line":228,"column":75},"end":{"line":228,"column":76}}],"line":228},"29":{"loc":{"start":{"line":229,"column":62},"end":{"line":229,"column":84}},"type":"binary-expr","locations":[{"start":{"line":229,"column":62},"end":{"line":229,"column":79}},{"start":{"line":229,"column":83},"end":{"line":229,"column":84}}],"line":229},"30":{"loc":{"start":{"line":231,"column":24},"end":{"line":231,"column":71}},"type":"cond-expr","locations":[{"start":{"line":231,"column":41},"end":{"line":231,"column":67}},{"start":{"line":231,"column":70},"end":{"line":231,"column":71}}],"line":231},"31":{"loc":{"start":{"line":247,"column":6},"end":{"line":249,"column":7}},"type":"if","locations":[{"start":{"line":247,"column":6},"end":{"line":249,"column":7}},{"start":{},"end":{}}],"line":247},"32":{"loc":{"start":{"line":248,"column":31},"end":{"line":248,"column":55}},"type":"binary-expr","locations":[{"start":{"line":248,"column":31},"end":{"line":248,"column":50}},{"start":{"line":248,"column":54},"end":{"line":248,"column":55}}],"line":248},"33":{"loc":{"start":{"line":287,"column":4},"end":{"line":294,"column":5}},"type":"if","locations":[{"start":{"line":287,"column":4},"end":{"line":294,"column":5}},{"start":{},"end":{}}],"line":287},"34":{"loc":{"start":{"line":290,"column":8},"end":{"line":292,"column":9}},"type":"if","locations":[{"start":{"line":290,"column":8},"end":{"line":292,"column":9}},{"start":{},"end":{}}],"line":290},"35":{"loc":{"start":{"line":290,"column":12},"end":{"line":290,"column":26}},"type":"binary-expr","locations":[{"start":{"line":290,"column":12},"end":{"line":290,"column":18}},{"start":{"line":290,"column":22},"end":{"line":290,"column":26}}],"line":290},"36":{"loc":{"start":{"line":296,"column":4},"end":{"line":298,"column":5}},"type":"if","locations":[{"start":{"line":296,"column":4},"end":{"line":298,"column":5}},{"start":{},"end":{}}],"line":296},"37":{"loc":{"start":{"line":299,"column":4},"end":{"line":335,"column":5}},"type":"if","locations":[{"start":{"line":299,"column":4},"end":{"line":335,"column":5}},{"start":{},"end":{}}],"line":299},"38":{"loc":{"start":{"line":306,"column":29},"end":{"line":306,"column":42}},"type":"binary-expr","locations":[{"start":{"line":306,"column":29},"end":{"line":306,"column":37}},{"start":{"line":306,"column":41},"end":{"line":306,"column":42}}],"line":306},"39":{"loc":{"start":{"line":316,"column":8},"end":{"line":333,"column":9}},"type":"if","locations":[{"start":{"line":316,"column":8},"end":{"line":333,"column":9}},{"start":{"line":324,"column":15},"end":{"line":333,"column":9}}],"line":316},"40":{"loc":{"start":{"line":356,"column":18},"end":{"line":356,"column":49}},"type":"binary-expr","locations":[{"start":{"line":356,"column":18},"end":{"line":356,"column":43}},{"start":{"line":356,"column":47},"end":{"line":356,"column":49}}],"line":356},"41":{"loc":{"start":{"line":387,"column":23},"end":{"line":387,"column":48}},"type":"binary-expr","locations":[{"start":{"line":387,"column":23},"end":{"line":387,"column":42}},{"start":{"line":387,"column":46},"end":{"line":387,"column":48}}],"line":387},"42":{"loc":{"start":{"line":390,"column":21},"end":{"line":390,"column":46}},"type":"binary-expr","locations":[{"start":{"line":390,"column":21},"end":{"line":390,"column":40}},{"start":{"line":390,"column":44},"end":{"line":390,"column":46}}],"line":390},"43":{"loc":{"start":{"line":392,"column":4},"end":{"line":395,"column":5}},"type":"if","locations":[{"start":{"line":392,"column":4},"end":{"line":395,"column":5}},{"start":{},"end":{}}],"line":392},"44":{"loc":{"start":{"line":400,"column":6},"end":{"line":406,"column":7}},"type":"if","locations":[{"start":{"line":400,"column":6},"end":{"line":406,"column":7}},{"start":{},"end":{}}],"line":400},"45":{"loc":{"start":{"line":402,"column":8},"end":{"line":404,"column":9}},"type":"if","locations":[{"start":{"line":402,"column":8},"end":{"line":404,"column":9}},{"start":{},"end":{}}],"line":402},"46":{"loc":{"start":{"line":421,"column":22},"end":{"line":421,"column":39}},"type":"binary-expr","locations":[{"start":{"line":421,"column":22},"end":{"line":421,"column":34}},{"start":{"line":421,"column":38},"end":{"line":421,"column":39}}],"line":421},"47":{"loc":{"start":{"line":435,"column":12},"end":{"line":435,"column":20}},"type":"default-arg","locations":[{"start":{"line":435,"column":19},"end":{"line":435,"column":20}}],"line":435},"48":{"loc":{"start":{"line":435,"column":22},"end":{"line":435,"column":32}},"type":"default-arg","locations":[{"start":{"line":435,"column":30},"end":{"line":435,"column":32}}],"line":435},"49":{"loc":{"start":{"line":456,"column":4},"end":{"line":458,"column":5}},"type":"if","locations":[{"start":{"line":456,"column":4},"end":{"line":458,"column":5}},{"start":{},"end":{}}],"line":456},"50":{"loc":{"start":{"line":486,"column":12},"end":{"line":486,"column":24}},"type":"default-arg","locations":[{"start":{"line":486,"column":21},"end":{"line":486,"column":24}}],"line":486},"51":{"loc":{"start":{"line":486,"column":26},"end":{"line":486,"column":36}},"type":"default-arg","locations":[{"start":{"line":486,"column":34},"end":{"line":486,"column":36}}],"line":486},"52":{"loc":{"start":{"line":508,"column":4},"end":{"line":510,"column":5}},"type":"if","locations":[{"start":{"line":508,"column":4},"end":{"line":510,"column":5}},{"start":{},"end":{}}],"line":508},"53":{"loc":{"start":{"line":516,"column":6},"end":{"line":521,"column":7}},"type":"if","locations":[{"start":{"line":516,"column":6},"end":{"line":521,"column":7}},{"start":{},"end":{}}],"line":516},"54":{"loc":{"start":{"line":522,"column":38},"end":{"line":522,"column":59}},"type":"binary-expr","locations":[{"start":{"line":522,"column":38},"end":{"line":522,"column":54}},{"start":{"line":522,"column":58},"end":{"line":522,"column":59}}],"line":522}},"s":{"0":0,"1":0,"2":0,"3":0,"4":0,"5":0,"6":0,"7":0,"8":0,"9":0,"10":0,"11":0,"12":0,"13":0,"14":0,"15":0,"16":0,"17":0,"18":0,"19":0,"20":0,"21":0,"22":0,"23":0,"24":0,"25":0,"26":0,"27":0,"28":0,"29":0,"30":0,"31":0,"32":0,"33":0,"34":0,"35":0,"36":0,"37":0,"38":0,"39":0,"40":0,"41":0,"42":0,"43":0,"44":0,"45":0,"46":0,"47":0,"48":0,"49":0,"50":0,"51":0,"52":0,"53":0,"54":0,"55":0,"56":0,"57":0,"58":0,"59":0,"60":0,"61":0,"62":0,"63":0,"64":0,"65":0,"66":0,"67":0,"68":0,"69":0,"70":0,"71":0,"72":0,"73":0,"74":0,"75":0,"76":0,"77":0,"78":0,"79":0,"80":0,"81":0,"82":0,"83":0,"84":0,"85":0,"86":0,"87":0,"88":0,"89":0,"90":0,"91":0,"92":0,"93":0,"94":0,"95":0,"96":0,"97":0,"98":0,"99":0,"100":0,"101":0,"102":0,"103":0,"104":0,"105":0,"106":0,"107":0,"108":0,"109":0,"110":0,"111":0,"112":0,"113":0,"114":0,"115":0,"116":0,"117":0,"118":0,"119":0,"120":0,"121":0,"122":0,"123":0,"124":0,"125":0,"126":0,"127":0,"128":0,"129":0,"130":0,"131":0,"132":0,"133":0,"134":0,"135":0,"136":0,"137":0,"138":0,"139":0,"140":0,"141":0,"142":0,"143":0,"144":0,"145":0,"146":0,"147":0,"148":0,"149":0,"150":0,"151":0,"152":0,"153":0,"154":0,"155":0,"156":0,"157":0,"158":0,"159":0,"160":0,"161":0,"162":0,"163":0,"164":0,"165":0,"166":0,"167":0,"168":0,"169":0,"170":0,"171":0,"172":0,"173":0,"174":0,"175":0,"176":0,"177":0,"178":0,"179":0,"180":0,"181":0},"f":{"0":0,"1":0,"2":0,"3":0,"4":0,"5":0,"6":0,"7":0,"8":0,"9":0,"10":0,"11":0,"12":0,"13":0,"14":0,"15":0,"16":0,"17":0,"18":0,"19":0,"20":0,"21":0,"22":0,"23":0,"24":0,"25":0,"26":0,"27":0,"28":0,"29":0,"30":0,"31":0},"b":{"0":[0,0],"1":[0,0],"2":[0,0],"3":[0,0],"4":[0,0],"5":[0],"6":[0,0],"7":[0,0],"8":[0,0],"9":[0,0],"10":[0,0],"11":[0,0],"12":[0,0],"13":[0,0],"14":[0,0],"15":[0,0],"16":[0,0],"17":[0,0],"18":[0,0],"19":[0,0],"20":[0,0],"21":[0,0],"22":[0,0],"23":[0,0],"24":[0,0],"25":[0,0],"26":[0,0],"27":[0,0],"28":[0,0],"29":[0,0],"30":[0,0],"31":[0,0],"32":[0,0],"33":[0,0],"34":[0,0],"35":[0,0],"36":[0,0],"37":[0,0],"38":[0,0],"39":[0,0],"40":[0,0],"41":[0,0],"42":[0,0],"43":[0,0],"44":[0,0],"45":[0,0],"46":[0,0],"47":[0],"48":[0],"49":[0,0],"50":[0],"51":[0],"52":[0,0],"53":[0,0],"54":[0,0]}}
,"C:\\Users\\pmjpr\\OneDrive\\Desktop\\MMS1\\backend\\routes\\auth.js": {"path":"C:\\Users\\pmjpr\\OneDrive\\Desktop\\MMS1\\backend\\routes\\auth.js","statementMap":{"0":{"start":{"line":1,"column":16},"end":{"line":1,"column":34}},"1":{"start":{"line":2,"column":12},"end":{"line":2,"column":35}},"2":{"start":{"line":3,"column":17},"end":{"line":3,"column":46}},"3":{"start":{"line":5,"column":15},"end":{"line":5,"column":31}},"4":{"start":{"line":8,"column":0},"end":{"line":84,"column":3}},"5":{"start":{"line":9,"column":2},"end":{"line":83,"column":3}},"6":{"start":{"line":10,"column":58},"end":{"line":10,"column":66}},"7":{"start":{"line":12,"column":4},"end":{"line":14,"column":5}},"8":{"start":{"line":13,"column":6},"end":{"line":13,"column":72}},"9":{"start":{"line":15,"column":4},"end":{"line":17,"column":5}},"10":{"start":{"line":16,"column":6},"end":{"line":16,"column":71}},"11":{"start":{"line":20,"column":35},"end":{"line":24,"column":20}},"12":{"start":{"line":26,"column":4},"end":{"line":28,"column":5}},"13":{"start":{"line":27,"column":6},"end":{"line":27,"column":68}},"14":{"start":{"line":31,"column":49},"end":{"line":35,"column":6}},"15":{"start":{"line":36,"column":4},"end":{"line":38,"column":5}},"16":{"start":{"line":37,"column":6},"end":{"line":37,"column":64}},"17":{"start":{"line":41,"column":51},"end":{"line":51,"column":15}},"18":{"start":{"line":53,"column":4},"end":{"line":56,"column":5}},"19":{"start":{"line":54,"column":6},"end":{"line":54,"column":61}},"20":{"start":{"line":55,"column":6},"end":{"line":55,"column":78}},"21":{"start":{"line":58,"column":4},"end":{"line":60,"column":5}},"22":{"start":{"line":59,"column":6},"end":{"line":59,"column":93}},"23":{"start":{"line":63,"column":18},"end":{"line":67,"column":5}},"24":{"start":{"line":69,"column":4},"end":{"line":79,"column":7}},"25":{"start":{"line":81,"column":4},"end":{"line":81,"column":48}},"26":{"start":{"line":82,"column":4},"end":{"line":82,"column":61}},"27":{"start":{"line":87,"column":0},"end":{"line":137,"column":3}},"28":{"start":{"line":88,"column":2},"end":{"line":136,"column":3}},"29":{"start":{"line":89,"column":32},"end":{"line":89,"column":40}},"30":{"start":{"line":90,"column":4},"end":{"line":92,"column":5}},"31":{"start":{"line":91,"column":6},"end":{"line":91,"column":80}},"32":{"start":{"line":95,"column":53},"end":{"line":98,"column":6}},"33":{"start":{"line":99,"column":4},"end":{"line":101,"column":5}},"34":{"start":{"line":100,"column":6},"end":{"line":100,"column":68}},"35":{"start":{"line":104,"column":45},"end":{"line":108,"column":15}},"36":{"start":{"line":109,"column":4},"end":{"line":111,"column":5}},"37":{"start":{"line":110,"column":6},"end":{"line":110,"column":71}},"38":{"start":{"line":114,"column":18},"end":{"line":118,"column":5}},"39":{"start":{"line":120,"column":4},"end":{"line":132,"column":7}},"40":{"start":{"line":134,"column":4},"end":{"line":134,"column":41}},"41":{"start":{"line":135,"column":4},"end":{"line":135,"column":61}},"42":{"start":{"line":140,"column":0},"end":{"line":170,"column":3}},"43":{"start":{"line":141,"column":2},"end":{"line":169,"column":3}},"44":{"start":{"line":142,"column":18},"end":{"line":142,"column":67}},"45":{"start":{"line":143,"column":4},"end":{"line":143,"column":76}},"46":{"start":{"line":143,"column":16},"end":{"line":143,"column":76}},"47":{"start":{"line":145,"column":20},"end":{"line":145,"column":82}},"48":{"start":{"line":146,"column":34},"end":{"line":150,"column":15}},"49":{"start":{"line":152,"column":4},"end":{"line":152,"column":81}},"50":{"start":{"line":152,"column":24},"end":{"line":152,"column":81}},"51":{"start":{"line":154,"column":4},"end":{"line":165,"column":7}},"52":{"start":{"line":167,"column":4},"end":{"line":167,"column":44}},"53":{"start":{"line":168,"column":4},"end":{"line":168,"column":53}},"54":{"start":{"line":173,"column":0},"end":{"line":212,"column":3}},"55":{"start":{"line":174,"column":2},"end":{"line":211,"column":3}},"56":{"start":{"line":175,"column":18},"end":{"line":175,"column":67}},"57":{"start":{"line":176,"column":4},"end":{"line":176,"column":76}},"58":{"start":{"line":176,"column":16},"end":{"line":176,"column":76}},"59":{"start":{"line":178,"column":20},"end":{"line":178,"column":82}},"60":{"start":{"line":179,"column":51},"end":{"line":179,"column":59}},"61":{"start":{"line":181,"column":34},"end":{"line":192,"column":15}},"62":{"start":{"line":194,"column":4},"end":{"line":194,"column":82}},"63":{"start":{"line":194,"column":15},"end":{"line":194,"column":82}},"64":{"start":{"line":196,"column":4},"end":{"line":207,"column":7}},"65":{"start":{"line":209,"column":4},"end":{"line":209,"column":50}},"66":{"start":{"line":210,"column":4},"end":{"line":210,"column":61}},"67":{"start":{"line":214,"column":0},"end":{"line":214,"column":24}}},"fnMap":{"0":{"name":"(anonymous_0)","decl":{"start":{"line":8,"column":25},"end":{"line":8,"column":26}},"loc":{"start":{"line":8,"column":45},"end":{"line":84,"column":1}},"line":8},"1":{"name":"(anonymous_1)","decl":{"start":{"line":87,"column":22},"end":{"line":87,"column":23}},"loc":{"start":{"line":87,"column":42},"end":{"line":137,"column":1}},"line":87},"2":{"name":"(anonymous_2)","decl":{"start":{"line":140,"column":18},"end":{"line":140,"column":19}},"loc":{"start":{"line":140,"column":38},"end":{"line":170,"column":1}},"line":140},"3":{"name":"(anonymous_3)","decl":{"start":{"line":173,"column":23},"end":{"line":173,"column":24}},"loc":{"start":{"line":173,"column":43},"end":{"line":212,"column":1}},"line":173}},"branchMap":{"0":{"loc":{"start":{"line":12,"column":4},"end":{"line":14,"column":5}},"type":"if","locations":[{"start":{"line":12,"column":4},"end":{"line":14,"column":5}},{"start":{},"end":{}}],"line":12},"1":{"loc":{"start":{"line":12,"column":8},"end":{"line":12,"column":62}},"type":"binary-expr","locations":[{"start":{"line":12,"column":8},"end":{"line":12,"column":14}},{"start":{"line":12,"column":18},"end":{"line":12,"column":27}},{"start":{"line":12,"column":31},"end":{"line":12,"column":40}},{"start":{"line":12,"column":44},"end":{"line":12,"column":53}},{"start":{"line":12,"column":57},"end":{"line":12,"column":62}}],"line":12},"2":{"loc":{"start":{"line":15,"column":4},"end":{"line":17,"column":5}},"type":"if","locations":[{"start":{"line":15,"column":4},"end":{"line":17,"column":5}},{"start":{},"end":{}}],"line":15},"3":{"loc":{"start":{"line":26,"column":4},"end":{"line":28,"column":5}},"type":"if","locations":[{"start":{"line":26,"column":4},"end":{"line":28,"column":5}},{"start":{},"end":{}}],"line":26},"4":{"loc":{"start":{"line":36,"column":4},"end":{"line":38,"column":5}},"type":"if","locations":[{"start":{"line":36,"column":4},"end":{"line":38,"column":5}},{"start":{},"end":{}}],"line":36},"5":{"loc":{"start":{"line":53,"column":4},"end":{"line":56,"column":5}},"type":"if","locations":[{"start":{"line":53,"column":4},"end":{"line":56,"column":5}},{"start":{},"end":{}}],"line":53},"6":{"loc":{"start":{"line":58,"column":4},"end":{"line":60,"column":5}},"type":"if","locations":[{"start":{"line":58,"column":4},"end":{"line":60,"column":5}},{"start":{},"end":{}}],"line":58},"7":{"loc":{"start":{"line":65,"column":6},"end":{"line":65,"column":49}},"type":"binary-expr","locations":[{"start":{"line":65,"column":6},"end":{"line":65,"column":28}},{"start":{"line":65,"column":32},"end":{"line":65,"column":49}}],"line":65},"8":{"loc":{"start":{"line":90,"column":4},"end":{"line":92,"column":5}},"type":"if","locations":[{"start":{"line":90,"column":4},"end":{"line":92,"column":5}},{"start":{},"end":{}}],"line":90},"9":{"loc":{"start":{"line":90,"column":8},"end":{"line":90,"column":27}},"type":"binary-expr","locations":[{"start":{"line":90,"column":8},"end":{"line":90,"column":14}},{"start":{"line":90,"column":18},"end":{"line":90,"column":27}}],"line":90},"10":{"loc":{"start":{"line":99,"column":4},"end":{"line":101,"column":5}},"type":"if","locations":[{"start":{"line":99,"column":4},"end":{"line":101,"column":5}},{"start":{},"end":{}}],"line":99},"11":{"loc":{"start":{"line":99,"column":8},"end":{"line":99,"column":40}},"type":"binary-expr","locations":[{"start":{"line":99,"column":8},"end":{"line":99,"column":19}},{"start":{"line":99,"column":23},"end":{"line":99,"column":40}}],"line":99},"12":{"loc":{"start":{"line":109,"column":4},"end":{"line":111,"column":5}},"type":"if","locations":[{"start":{"line":109,"column":4},"end":{"line":111,"column":5}},{"start":{},"end":{}}],"line":109},"13":{"loc":{"start":{"line":109,"column":8},"end":{"line":109,"column":26}},"type":"binary-expr","locations":[{"start":{"line":109,"column":8},"end":{"line":109,"column":17}},{"start":{"line":109,"column":21},"end":{"line":109,"column":26}}],"line":109},"14":{"loc":{"start":{"line":116,"column":6},"end":{"line":116,"column":49}},"type":"binary-expr","locations":[{"start":{"line":116,"column":6},"end":{"line":116,"column":28}},{"start":{"line":116,"column":32},"end":{"line":116,"column":49}}],"line":116},"15":{"loc":{"start":{"line":143,"column":4},"end":{"line":143,"column":76}},"type":"if","locations":[{"start":{"line":143,"column":4},"end":{"line":143,"column":76}},{"start":{},"end":{}}],"line":143},"16":{"loc":{"start":{"line":145,"column":38},"end":{"line":145,"column":81}},"type":"binary-expr","locations":[{"start":{"line":145,"column":38},"end":{"line":145,"column":60}},{"start":{"line":145,"column":64},"end":{"line":145,"column":81}}],"line":145},"17":{"loc":{"start":{"line":152,"column":4},"end":{"line":152,"column":81}},"type":"if","locations":[{"start":{"line":152,"column":4},"end":{
[...]
:33}}],"line":225},"26":{"loc":{"start":{"line":231,"column":6},"end":{"line":233,"column":7}},"type":"if","locations":[{"start":{"line":231,"column":6},"end":{"line":233,"column":7}},{"start":{},"end":{}}],"line":231},"27":{"loc":{"start":{"line":246,"column":4},"end":{"line":269,"column":5}},"type":"if","locations":[{"start":{"line":246,"column":4},"end":{"line":269,"column":5}},{"start":{},"end":{}}],"line":246},"28":{"loc":{"start":{"line":257,"column":6},"end":{"line":260,"column":7}},"type":"if","locations":[{"start":{"line":257,"column":6},"end":{"line":260,"column":7}},{"start":{},"end":{}}],"line":257},"29":{"loc":{"start":{"line":295,"column":4},"end":{"line":297,"column":5}},"type":"if","locations":[{"start":{"line":295,"column":4},"end":{"line":297,"column":5}},{"start":{},"end":{}}],"line":295},"30":{"loc":{"start":{"line":308,"column":4},"end":{"line":310,"column":5}},"type":"if","locations":[{"start":{"line":308,"column":4},"end":{"line":310,"column":5}},{"start":{},"end":{}}],"line":308},"31":{"loc":{"start":{"line":328,"column":4},"end":{"line":332,"column":5}},"type":"if","locations":[{"start":{"line":328,"column":4},"end":{"line":332,"column":5}},{"start":{},"end":{}}],"line":328},"32":{"loc":{"start":{"line":356,"column":4},"end":{"line":358,"column":5}},"type":"if","locations":[{"start":{"line":356,"column":4},"end":{"line":358,"column":5}},{"start":{},"end":{}}],"line":356},"33":{"loc":{"start":{"line":356,"column":8},"end":{"line":356,"column":22}},"type":"binary-expr","locations":[{"start":{"line":356,"column":8},"end":{"line":356,"column":13}},{"start":{"line":356,"column":17},"end":{"line":356,"column":22}}],"line":356},"34":{"loc":{"start":{"line":388,"column":4},"end":{"line":390,"column":5}},"type":"if","locations":[{"start":{"line":388,"column":4},"end":{"line":390,"column":5}},{"start":{},"end":{}}],"line":388},"35":{"loc":{"start":{"line":388,"column":8},"end":{"line":388,"column":22}},"type":"binary-expr","locations":[{"start":{"line":388,"column":8},"end":{"line":388,"column":13}},{"start":{"line":388,"column":17},"end":{"line":388,"column":22}}],"line":388},"36":{"loc":{"start":{"line":412,"column":15},"end":{"line":412,"column":23}},"type":"default-arg","locations":[{"start":{"line":412,"column":22},"end":{"line":412,"column":23}}],"line":412},"37":{"loc":{"start":{"line":412,"column":25},"end":{"line":412,"column":35}},"type":"default-arg","locations":[{"start":{"line":412,"column":33},"end":{"line":412,"column":35}}],"line":412},"38":{"loc":{"start":{"line":414,"column":4},"end":{"line":416,"column":5}},"type":"if","locations":[{"start":{"line":414,"column":4},"end":{"line":416,"column":5}},{"start":{},"end":{}}],"line":414},"39":{"loc":{"start":{"line":430,"column":4},"end":{"line":432,"column":5}},"type":"if","locations":[{"start":{"line":430,"column":4},"end":{"line":432,"column":5}},{"start":{},"end":{}}],"line":430},"40":{"loc":{"start":{"line":461,"column":4},"end":{"line":463,"column":5}},"type":"if","locations":[{"start":{"line":461,"column":4},"end":{"line":463,"column":5}},{"start":{},"end":{}}],"line":461},"41":{"loc":{"start":{"line":472,"column":4},"end":{"line":474,"column":5}},"type":"if","locations":[{"start":{"line":472,"column":4},"end":{"line":474,"column":5}},{"start":{},"end":{}}],"line":472},"42":{"loc":{"start":{"line":472,"column":8},"end":{"line":472,"column":34}},"type":"binary-expr","locations":[{"start":{"line":472,"column":8},"end":{"line":472,"column":21}},{"start":{"line":472,"column":25},"end":{"line":472,"column":34}}],"line":472},"43":{"loc":{"start":{"line":476,"column":4},"end":{"line":478,"column":5}},"type":"if","locations":[{"start":{"line":476,"column":4},"end":{"line":478,"column":5}},{"start":{},"end":{}}],"line":476},"44":{"loc":{"start":{"line":487,"column":4},"end":{"line":489,"column":5}},"type":"if","locations":[{"start":{"line":487,"column":4},"end":{"line":489,"column":5}},{"start":{},"end":{}}],"line":487},"45":{"loc":{"start":{"line":487,"column":8},"end":{"line":487,"column":30}},"type":"binary-expr","locations":[{"start":{"line":487,"column":8},"end":{"line":487,"column":19}},{"start":{"line":487,"column":23},"end":{"line":487,"column":30}}],"line":487},"46":{"loc":{"start":{"line":491,"column":4},"end":{"line":493,"column":5}},"type":"if","locations":[{"start":{"line":491,"column":4},"end":{"line":493,"column":5}},{"start":{},"end":{}}],"line":491},"47":{"loc":{"start":{"line":491,"column":8},"end":{"line":491,"column":76}},"type":"binary-expr","locations":[{"start":{"line":491,"column":8},"end":{"line":491,"column":37}},{"start":{"line":491,"column":41},"end":{"line":491,"column":76}}],"line":491},"48":{"loc":{"start":{"line":502,"column":4},"end":{"line":508,"column":5}},"type":"if","locations":[{"start":{"line":502,"column":4},"end":{"line":508,"column":5}},{"start":{},"end":{}}],"line":502},"49":{"loc":{"start":{"line":503,"column":6},"end":{"line":507,"column":7}},"type":"if","locations":[{"start":{"line":503,"column":6},"end":{"line":507,"column":7}},{"start":{"line":505,"column":13},"end":{"line":507,"column":7}}],"line":503},"50":{"loc":{"start":{"line":505,"column":13},"end":{"line":507,"column":7}},"type":"if","locations":[{"start":{"line":505,"column":13},"end":{"line":507,"column":7}},{"start":{},"end":{}}],"line":505},"51":{"loc":{"start":{"line":520,"column":4},"end":{"line":522,"column":5}},"type":"if","locations":[{"start":{"line":520,"column":4},"end":{"line":522,"column":5}},{"start":{},"end":{}}],"line":520},"52":{"loc":{"start":{"line":565,"column":4},"end":{"line":567,"column":5}},"type":"if","locations":[{"start":{"line":565,"column":4},"end":{"line":567,"column":5}},{"start":{},"end":{}}],"line":565},"53":{"loc":{"start":{"line":590,"column":4},"end":{"line":592,"column":5}},"type":"if","locations":[{"start":{"line":590,"column":4},"end":{"line":592,"column":5}},{"start":{},"end":{}}],"line":590},"54":{"loc":{"start":{"line":603,"column":4},"end":{"line":605,"column":5}},"type":"if","locations":[{"start":{"line":603,"column":4},"end":{"line":605,"column":5}},{"start":{},"end":{}}],"line":603},"55":{"loc":{"start":{"line":603,"column":8},"end":{"line":603,"column":38}},"type":"binary-expr","locations":[{"start":{"line":603,"column":8},"end":{"line":603,"column":20}},{"start":{"line":603,"column":24},"end":{"line":603,"column":38}}],"line":603},"56":{"loc":{"start":{"line":607,"column":22},"end":{"line":607,"column":67}},"type":"cond-expr","locations":[{"start":{"line":607,"column":44},"end":{"line":607,"column":54}},{"start":{"line":607,"column":57},"end":{"line":607,"column":67}}],"line":607},"57":{"loc":{"start":{"line":620,"column":4},"end":{"line":622,"column":5}},"type":"if","locations":[{"start":{"line":620,"column":4},"end":{"line":622,"column":5}},{"start":{},"end":{}}],"line":620},"58":{"loc":{"start":{"line":630,"column":36},"end":{"line":630,"column":81}},"type":"cond-expr","locations":[{"start":{"line":630,"column":58},"end":{"line":630,"column":68}},{"start":{"line":630,"column":71},"end":{"line":630,"column":81}}],"line":630},"59":{"loc":{"start":{"line":631,"column":42},"end":{"line":631,"column":87}},"type":"cond-expr","locations":[{"start":{"line":631,"column":64},"end":{"line":631,"column":74}},{"start":{"line":631,"column":77},"end":{"line":631,"column":87}}],"line":631},"60":{"loc":{"start":{"line":660,"column":4},"end":{"line":662,"column":5}},"type":"if","locations":[{"start":{"line":660,"column":4},"end":{"line":662,"column":5}},{"start":{},"end":{}}],"line":660},"61":{"loc":{"start":{"line":685,"column":4},"end":{"line":687,"column":5}},"type":"if","locations":[{"start":{"line":685,"column":4},"end":{"line":687,"column":5}},{"start":{},"end":{}}],"line":685},"62":{"loc":{"start":{"line":704,"column":4},"end":{"line":706,"column":5}},"type":"if","locations":[{"start":{"line":704,"column":4},"end":{"line":706,"column":5}},{"start":{},"end":{}}],"line":704},"63":{"loc":{"start":{"line":716,"column":4},"end":{"line":718,"column":5}},"type":"if","locations":[{"start":{"line":716,"column":4},"end":{"line":718,"column":5}},{"start":{},"end":{}}],"line":716},"64":{"loc":{"start":{"line":716,"column":8},"end":{"line":716,"column":32}},"type":"binary-expr","locations":[{"start":{"line":716,"column":8},"end":{"line":716,"column":20}},{"start":{"line":716,"column":24},"end":{"line":716,"column":32}}],"line":716},"65":{"loc":{"start":{"line":728,"column":4},"end":{"line":730,"column":5}},"type":"if","locations":[{"start":{"line":728,"column":4},"end":{"line":730,"column":5}},{"start":{},"end":{}}],"line":728},"66":{"loc":{"start":{"line":742,"column":4},"end":{"line":745,"column":5}},"type":"if","locations":[{"start":{"line":742,"column":4},"end":{"line":745,"column":5}},{"start":{},"end":{}}],"line":742},"67":{"loc":{"start":{"line":786,"column":4},"end":{"line":789,"column":5}},"type":"if","locations":[{"start":{"line":786,"column":4},"end":{"line":789,"column":5}},{"start":{},"end":{}}],"line":786},"68":{"loc":{"start":{"line":804,"column":4},"end":{"line":804,"column":101}},"type":"if","locations":[{"start":{"line":804,"column":4},"end":{"line":804,"column":101}},{"start":{},"end":{}}],"line":804},"69":{"loc":{"start":{"line":804,"column":8},"end":{"line":804,"column":33}},"type":"binary-expr","locations":[{"start":{"line":804,"column":8},"end":{"line":804,"column":17}},{"start":{"line":804,"column":21},"end":{"line":804,"column":33}}],"line":804},"70":{"loc":{"start":{"line":813,"column":4},"end":{"line":816,"column":5}},"type":"if","locations":[{"start":{"line":813,"column":4},"end":{"line":816,"column":5}},{"start":{},"end":{}}],"line":813},"71":{"loc":{"start":{"line":829,"column":12},"end":{"line":829,"column":21}},"type":"default-arg","locations":[{"start":{"line":829,"column":20},"end":{"line":829,"column":21}}],"line":829},"72":{"loc":{"start":{"line":840,"column":4},"end":{"line":843,"column":5}},"type":"if","locations":[{"start":{"line":840,"column":4},"end":{"line":843,"column":5}},{"start":{},"end":{}}],"line":840},"73":{"loc":{"start":{"line":846,"column":25},"end":{"line":846,"column":36}},"type":"binary-expr","locations":[{"start":{"line":846,"column":25},"end":{"line":846,"column":30}},{"start":{"line":846,"column":34},"end":{"line":846,"column":36}}],"line":846},"74":{"loc":{"start":{"line":854,"column":16},"end":{"line":854,"column":41}},"type":"binary-expr","locations":[{"start":{"line":854,"column":16},"end":{"line":854,"column":35}},{"start":{"line":854,"column":39},"end":{"line":854,"column":41}}],"line":854},"75":{"loc":{"start":{"line":854,"column":69},"end":{"line":854,"column":86}},"type":"binary-expr","locations":[{"start":{"line":854,"column":69},"end":{"line":854,"column":81}},{"start":{"line":854,"column":85},"end":{"line":854,"column":86}}],"line":854},"76":{"loc":{"start":{"line":867,"column":12},"end":{"line":867,"column":22}},"type":"default-arg","locations":[{"start":{"line":867,"column":20},"end":{"line":867,"column":22}}],"line":867},"77":{"loc":{"start":{"line":877,"column":4},"end":{"line":880,"column":5}},"type":"if","locations":[{"start":{"line":877,"column":4},"end":{"line":880,"column":5}},{"start":{},"end":{}}],"line":877},"78":{"loc":{"start":{"line":892,"column":12},"end":{"line":892,"column":22}},"type":"default-arg","locations":[{"start":{"line":892,"column":20},"end":{"line":892,"column":22}}],"line":892},"79":{"loc":{"start":{"line":903,"column":4},"end":{"line":906,"column":5}},"type":"if","locations":[{"start":{"line":903,"column":4},"end":{"line":906,"column":5}},{"start":{},"end":{}}],"line":903},"80":{"loc":{"start":{"line":925,"column":4},"end":{"line":928,"column":5}},"type":"if","locations":[{"start":{"line":925,"column":4},"end":{"line":928,"column":5}},{"start":{},"end":{}}],"line":925},"81":{"loc":{"start":{"line":930,"column":22},"end":{"line":930,"column":32}},"type":"binary-expr","locations":[{"start":{"line":930,"column":22},"end":{"line":930,"column":27}},{"start":{"line":930,"column":31},"end":{"line":930,"column":32}}],"line":930},"82":{"loc":{"start":{"line":946,"column":4},"end":{"line":948,"column":5}},"type":"if","locations":[{"start":{"line":946,"column":4},"end":{"line":948,"column":5}},{"start":{},"end":{}}],"line":946},"83":{"loc":{"start":{"line":950,"column":17},"end":{"line":950,"column":30}},"type":"binary-expr","locations":[{"start":{"line":950,"column":17},"end":{"line":950,"column":24}},{"start":{"line":950,"column":28},"end":{"line":950,"column":30}}],"line":950},"84":{"loc":{"start":{"line":951,"column":4},"end":{"line":951,"column":60}},"type":"if","locations":[{"start":{"line":951,"column":4},"end":{"line":951,"column":60}},{"start":{},"end":{}}],"line":951},"85":{"loc":{"start":{"line":958,"column":4},"end":{"line":961,"column":5}},"type":"if","locations":[{"start":{"line":958,"column":4},"end":{"line":961,"column":5}},{"start":{},"end":{}}],"line":958},"86":{"loc":{"start":{"line":963,"column":25},"end":{"line":963,"column":36}},"type":"binary-expr","locations":[{"start":{"line":963,"column":25},"end":{"line":963,"column":30}},{"start":{"line":963,"column":34},"end":{"line":963,"column":36}}],"line":963},"87":{"loc":{"start":{"line":976,"column":4},"end":{"line":978,"column":5}},"type":"if","locations":[{"start":{"line":976,"column":4},"end":{"line":978,"column":5}},{"start":{},"end":{}}],"line":976},"88":{"loc":{"start":{"line":976,"column":8},"end":{"line":976,"column":36}},"type":"binary-expr","locations":[{"start":{"line":976,"column":8},"end":{"line":976,"column":15}},{"start":{"line":976,"column":19},"end":{"line":976,"column":24}},{"start":{"line":976,"column":28},"end":{"line":976,"column":36}}],"line":976},"89":{"loc":{"start":{"line":985,"column":15},"end":{"line":985,"column":38}},"type":"binary-expr","locations":[{"start":{"line":985,"column":15},"end":{"line":985,"column":20}},{"start":{"line":985,"column":24},"end":{"line":985,"column":38}}],"line":985},"90":{"loc":{"start":{"line":993,"column":4},"end":{"line":996,"column":5}},"type":"if","locations":[{"start":{"line":993,"column":4},"end":{"line":996,"column":5}},{"start":{},"end":{}}],"line":993},"91":{"loc":{"start":{"line":1021,"column":12},"end":{"line":1021,"column":20}},"type":"default-arg","locations":[{"start":{"line":1021,"column":19},"end":{"line":1021,"column":20}}],"line":1021},"92":{"loc":{"start":{"line":1021,"column":22},"end":{"line":1021,"column":32}},"type":"default-arg","locations":[{"start":{"line":1021,"column":30},"end":{"line":1021,"column":32}}],"line":1021},"93":{"loc":{"start":{"line":1031,"column":4},"end":{"line":1033,"column":5}},"type":"if","locations":[{"start":{"line":1031,"column":4},"end":{"line":1033,"column":5}},{"start":{},"end":{}}],"line":1031},"94":{"loc":{"start":{"line":1071,"column":4},"end":{"line":1073,"column":5}},"type":"if","locations":[{"start":{"line":1071,"column":4},"end":{"line":1073,"column":5}},{"start":{},"end":{}}],"line":1071},"95":{"loc":{"start":{"line":1094,"column":4},"end":{"line":1096,"column":5}},"type":"if","locations":[{"start":{"line":1094,"column":4},"end":{"line":1096,"column":5}},{"start":{},"end":{}}],"line":1094},"96":{"loc":{"start":{"line":1119,"column":4},"end":{"line":1122,"column":5}},"type":"if","locations":[{"start":{"line":1119,"column":4},"end":{"line":1122,"column":5}},{"start":{},"end":{}}],"line":1119},"97":{"loc":{"start":{"line":1134,"column":4},"end":{"line":1137,"column":5}},"type":"if","locations":[{"start":{"line":1134,"column":4},"end":{"line":1137,"column":5}},{"start":{},"end":{}}],"line":1134}},"s":{"0":1,"1":1,"2":1,"3":1,"4":1,"5":1,"6":1,"7":0,"8":0,"9":0,"10":1,"11":2,"12":2,"13":1,"14":1,"15":1,"16":0,"17":0,"18":0,"19":0,"20":0,"21":0,"22":0,"23":0,"24":0,"25":0,"26":0,"27":0,"28":0,"29":0,"30":0,"31":0,"32":0,"33":1,"34":0,"35":0,"36":0,"37":0,"38":0,"39":0,"40":0,"41":0,"42":0,"43":1,"44":0,"45":0,"46":0,"47":0,"48":0,"49":0,"50":0,"51":0,"52":0,"53":0,"54":1,"55":0,"56":0,"57":0,"58":0,"59":0,"60":0,"61":0,"62":0,"63":0,"64":1,"65":0,"66":0,"67":0,"68":0,"69":0,"70":0,"71":0,"72":1,"73":0,"74":0,"75":0,"76":0,"77":0,"78":0,"79":0,"80":0,"81":0,"82":0,"83":0,"84":0,"85":0,"86":0,"87":0,"88":0,"89":0,"90":0,"91":0,"92":0,"93":0,"94":0,"95":1,"96":0,"97":0,"98":0,"99":0,"100":0,"101":0,"102":0,"103":0,"104":0,"105":0,"106":0,"107":0,"108":0,"109":0,"110":0,"111":0,"112":1,"113":0,"114":0,"115":0,"116":0,"117":0,"118":0,"119":0,"120":0,"121":1,"122":0,"123":0,"124":0,"125":0,"126":0,"127":0,"128":0,"129":0,"130":1,"131":0,"132":0,"133":0,"134":0,"135":0,"136":0,"137":0,"138":0,"139":0,"140":0,"141":0,"142":0,"143":0,"144":0,"145":1,"146":0,"147":0,"148":0,"149":0,"150":0,"151":0,"152":0,"153":0,"154":0,"155":0,"156":0,"157":0,"158":0,"159":0,"160":0,"161":0,"162":0,"163":0,"164":0,"165":0,"166":0,"167":0,"168":0,"169":0,"170":0,"171":0,"172":0,"173":1,"174":0,"175":0,"176":0,"177":0,"178":0,"179":0,"180":0,"181":0,"182":1,"183":0,"184":0,"185":0,"186":0,"187":0,"188":0,"189":0,"190":0,"191":0,"192":0,"193":0,"194":0,"195":0,"196":0,"197":0,"198":0,"199":1,"200":0,"201":0,"202":0,"203":0,"204":0,"205":0,"206":0,"207":0,"208":1,"209":0,"210":0,"211":0,"212":0,"213":0,"214":0,"215":0,"216":0,"217":1,"218":0,"219":0,"220":0,"221":0,"222":0,"223":0,"224":0,"225":0,"226":0,"227":0,"228":0,"229":0,"230":0,"231":0,"232":0,"233":0,"234":0,"235":0,"236":0,"237":1,"238":0,"239":0,"240":0,"241":0,"242":0,"243":0,"244":0,"245":0,"246":0,"247":0,"248":1,"249":0,"250":0,"251":0,"252":0,"253":0,"254":0,"255":0,"256":0,"257":0,"258":0,"259":0,"260":1,"261":0,"262":0,"263":0,"264":0,"265":0,"266":0,"267":0,"268":0,"269":0,"270":0,"271":0,"272":0,"273":0,"274":1,"275":0,"276":0,"277":0,"278":0,"279":0,"280":0,"281":0,"282":0,"283":0,"284":0,"285":1,"286":0,"287":0,"288":0,"289":0,"290":0,"291":0,"292":0,"293":0,"294":0,"295":0,"296":1,"297":0,"298":0,"299":0,"300":0,"301":0,"302":0,"303":0,"304":0,"305":0,"306":1,"307":0,"308":0,"309":0,"310":0,"311":0,"312":0,"313":0,"314":0,"315":0,"316":0,"317":0,"318":0,"319":0,"320":0,"321":0,"322":1,"323":0,"324":0,"325":0,"326":0,"327":0,"328":0,"329":0,"330":0,"331":0,"332":0,"333":0,"334":0,"335":1,"336":0,"337":0,"338":0,"339":0,"340":0,"341":0,"342":0,"343":0,"344":0,"345":0,"346":1,"347":0,"348":0,"349":0,"350":0,"351":0,"352":0,"353":0,"354":0,"355":1,"356":0,"357":0,"358":0,"359":0,"360":0,"361":0,"362":0,"363":1,"364":0,"365":0,"366":0,"367":0,"368":0,"369":0,"370":0,"371":0,"372":0,"373":0,"374":0,"375":0,"376":0,"377":0,"378":0,"379":0,"380":1,"381":0,"382":0,"383":0,"384":0,"385":0,"386":1},"f":{"0":0,"1":2,"2":0,"3":0,"4":0,"5":0,"6":0,"7":0,"8":0,"9":0,"10":0,"11":0,"12":0,"13":0,"14":0,"15":0,"16":0,"17":0,"18":0,"19":0,"20":0,"21":0,"22":0,"23":0,"24":0,"25":0,"26":0,"27":0,"28":0,"29":0,"30":0,"31":0,"32":0,"33":0,"34":0,"35":0,"36":0,"37":0},"b":{"0":[0,0],"1":[1,1],"2":[1,0],"3":[0,0],"4":[0,0],"5":[0,0],"6":[0,0],"7":[0,0],"8":[0,0],"9":[0,0],"10":[0,0,0],"11":[0,0],"12":[0,0],"13":[0,0],"14":[0,0],"15":[0,0],"16":[0,0],"17":[0,0],"18":[0,0],"19":[0,0],"20":[0,0],"21":[0,0],"22":[0,0],"23":[0,0],"24":[0,0],"25":[0,0],"26":[0,0],"27":[0,0],"28":[0,0],"29":[0,0],"30":[0,0],"31":[0,0],"32":[0,0],"33":[0,0],"34":[0,0],"35":[0,0],"36":[0],"37":[0],"38":[0,0],"39":[0,0],"40":[0,0],"41":[0,0],"42":[0,0],"43":[0,0],"44":[0,0],"45":[0,0],"46":[0,0],"47":[0,0],"48":[0,0],"49":[0,0],"50":[0,0],"51":[0,0],"52":[0,0],"53":[0,0],"54":[0,0],"55":[0,0],"56":[0,0],"57":[0,0],"58":[0,0],"59":[0,0],"60":[0,0],"61":[0,0],"62":[0,0],"63":[0,0],"64":[0,0],"65":[0,0],"66":[0,0],"67":[0,0],"68":[0,0],"69":[0,0],"70":[0,0],"71":[0],"72":[0,0],"73":[0,0],"74":[0,0],"75":[0,0],"76":[0],"77":[0,0],"78":[0],"79":[0,0],"80":[0,0],"81":[0,0],"82":[0,0],"83":[0,0],"84":[0,0],"85":[0,0],"86":[0,0],"87":[0,0],"88":[0,0,0],"89":[0,0],"90":[0,0],"91":[0],"92":[0],"93":[0,0],"94":[0,0],"95":[0,0],"96":[0,0],"97":[0,0]},"_coverageSchema":"1a1c01bbd47fc00a2c39e90264f33305004495a9","hash":"9c42c1414ecfce1ca4bbb77d9f73e860bbc4a49a"}
}
