TN:
SF:routes\ai.js
FN:44,callHuggingFace
FN:52,(anonymous_1)
FN:77,(anonymous_2)
FN:87,pickTopLabel
FN:92,(anonymous_4)
FN:96,(anonymous_5)
FN:147,(anonymous_6)
FNF:7
FNH:0
FNDA:0,callHuggingFace
FNDA:0,(anonymous_1)
FNDA:0,(anonymous_2)
FNDA:0,pickTopLabel
FNDA:0,(anonymous_4)
FNDA:0,(anonymous_5)
FNDA:0,(anonymous_6)
DA:1,0
DA:2,0
DA:4,0
DA:7,0
DA:14,0
DA:45,0
DA:46,0
DA:48,0
DA:50,0
DA:51,0
DA:52,0
DA:53,0
DA:54,0
DA:63,0
DA:64,0
DA:65,0
DA:66,0
DA:68,0
DA:70,0
DA:71,0
DA:73,0
DA:74,0
DA:75,0
DA:76,0
DA:77,0
DA:78,0
DA:79,0
DA:81,0
DA:84,0
DA:89,0
DA:90,0
DA:91,0
DA:92,0
DA:93,0
DA:96,0
DA:97,0
DA:98,0
DA:99,0
DA:100,0
DA:105,0
DA:106,0
DA:107,0
DA:109,0
DA:113,0
DA:114,0
DA:115,0
DA:116,0
DA:118,0
DA:123,0
DA:126,0
DA:141,0
DA:142,0
DA:143,0
DA:147,0
DA:157,0
DA:164,0
DA:165,0
DA:169,0
LF:58
LH:0
BRDA:44,0,0,0
BRDA:44,1,0,0
BRDA:44,2,0,0
BRDA:46,3,0,0
BRDA:46,3,1,0
BRDA:64,4,0,0
BRDA:64,4,1,0
BRDA:74,5,0,0
BRDA:74,5,1,0
BRDA:74,5,2,0
BRDA:75,6,0,0
BRDA:75,6,1,0
BRDA:75,7,0,0
BRDA:75,7,1,0
BRDA:89,8,0,0
BRDA:89,8,1,0
BRDA:90,9,0,0
BRDA:90,9,1,0
BRDA:91,10,0,0
BRDA:91,10,1,0
BRDA:92,11,0,0
BRDA:92,11,1,0
BRDA:92,12,0,0
BRDA:92,12,1,0
BRDA:93,13,0,0
BRDA:93,13,1,0
BRDA:98,14,0,0
BRDA:98,14,1,0
BRDA:99,15,0,0
BRDA:99,15,1,0
BRDA:99,16,0,0
BRDA:99,16,1,0
BRDA:109,17,0,0
BRDA:109,17,1,0
BRDA:113,18,0,0
BRDA:113,18,1,0
BRDA:118,19,0,0
BRDA:118,19,1,0
BRDA:123,20,0,0
BRDA:123,20,1,0
BRDA:141,21,0,0
BRDA:141,21,1,0
BRDA:147,22,0,0
BRDA:147,22,1,0
BRF:44
BRH:0
end_of_record
TN:
SF:routes\albums.js
FN:6,(anonymous_0)
FN:30,(anonymous_1)
FN:45,(anonymous_2)
FN:53,(anonymous_3)
FN:70,(anonymous_4)
FN:99,(anonymous_5)
FN:127,(anonymous_6)
FN:165,(anonymous_7)
FN:190,(anonymous_8)
FN:239,(anonymous_9)
FN:277,(anonymous_10)
FN:314,(anonymous_11)
FN:340,(anonymous_12)
FN:370,(anonymous_13)
FN:412,(anonymous_14)
FN:413,(anonymous_15)
FNF:16
FNH:0
FNDA:0,(anonymous_0)
FNDA:0,(anonymous_1)
FNDA:0,(anonymous_2)
FNDA:0,(anonymous_3)
FNDA:0,(anonymous_4)
FNDA:0,(anonymous_5)
FNDA:0,(anonymous_6)
FNDA:0,(anonymous_7)
FNDA:0,(anonymous_8)
FNDA:0,(anonymous_9)
FNDA:0,(anonymous_10)
FNDA:0,(anonymous_11)
FNDA:0,(anonymous_12)
FNDA:0,(anonymous_13)
FNDA:0,(anonymous_14)
FNDA:0,(anonymous_15)
DA:1,0
DA:2,0
DA:3,0
DA:6,0
DA:7,0
DA:8,0
DA:9,0
DA:11,0
DA:12,0
DA:13,0
DA:16,0
DA:22,0
DA:23,0
DA:25,0
DA:30,0
DA:31,0
DA:32,0
DA:33,0
DA:35,0
DA:36,0
DA:37,0
DA:38,0
DA:41,0
DA:45,0
DA:46,0
DA:47,0
DA:49,0
DA:53,0
DA:54,0
DA:56,0
DA:66,0
DA:70,0
DA:71,0
DA:72,0
DA:73,0
DA:74,0
DA:78,0
DA:80,0
DA:84,0
DA:91,0
DA:93,0
DA:94,0
DA:99,0
DA:100,0
DA:101,0
DA:103,0
DA:105,0
DA:118,0
DA:119,0
DA:121,0
DA:122,0
DA:127,0
DA:128,0
DA:129,0
DA:130,0
DA:133,0
DA:140,0
DA:142,0
DA:156,0
DA:157,0
DA:159,0
DA:160,0
DA:165,0
DA:166,0
DA:167,0
DA:170,0
DA:177,0
DA:179,0
DA:181,0
DA:182,0
DA:184,0
DA:185,0
DA:190,0
DA:191,0
DA:192,0
DA:193,0
DA:196,0
DA:203,0
DA:206,0
DA:214,0
DA:216,0
DA:222,0
DA:225,0
DA:231,0
DA:233,0
DA:234,0
DA:239,0
DA:240,0
DA:241,0
DA:244,0
DA:251,0
DA:253,0
DA:259,0
DA:262,0
DA:269,0
DA:271,0
DA:272,0
DA:277,0
DA:278,0
DA:279,0
DA:280,0
DA:282,0
DA:283,0
DA:287,0
DA:311,0
DA:314,0
DA:315,0
DA:316,0
DA:317,0
DA:318,0
DA:322,0
DA:324,0
DA:327,0
DA:334,0
DA:335,0
DA:336,0
DA:339,0
DA:340,0
DA:364,0
DA:365,0
DA:370,0
DA:371,0
DA:372,0
DA:375,0
DA:382,0
DA:383,0
DA:387,0
DA:405,0
DA:406,0
DA:407,0
DA:411,0
DA:412,0
DA:413,0
DA:416,0
DA:427,0
DA:428,0
DA:432,0
LF:137
LH:0
BRDA:8,0,0,0
BRDA:8,0,1,0
BRDA:9,1,0,0
BRDA:9,1,1,0
BRDA:13,2,0,0
BRDA:13,2,1,0
BRDA:13,3,0,0
BRDA:13,3,1,0
BRDA:32,4,0,0
BRDA:32,4,1,0
BRDA:32,5,0,0
BRDA:32,5,1,0
BRDA:37,6,0,0
BRDA:37,6,1,0
BRDA:37,7,0,0
BRDA:37,7,1,0
BRDA:46,8,0,0
BRDA:46,8,1,0
BRDA:66,9,0,0
BRDA:66,9,1,0
BRDA:70,10,0,0
BRDA:70,10,1,0
BRDA:71,11,0,0
BRDA:71,11,1,0
BRDA:72,12,0,0
BRDA:72,12,1,0
BRDA:72,13,0,0
BRDA:72,13,1,0
BRDA:78,14,0,0
BRDA:78,14,1,0
BRDA:101,15,0,0
BRDA:103,16,0,0
BRDA:103,16,1,0
BRDA:118,17,0,0
BRDA:118,17,1,0
BRDA:140,18,0,0
BRDA:140,18,1,0
BRDA:156,19,0,0
BRDA:156,19,1,0
BRDA:177,20,0,0
BRDA:177,20,1,0
BRDA:181,21,0,0
BRDA:181,21,1,0
BRDA:203,22,0,0
BRDA:203,22,1,0
BRDA:214,23,0,0
BRDA:214,23,1,0
BRDA:222,24,0,0
BRDA:222,24,1,0
BRDA:251,25,0,0
BRDA:251,25,1,0
BRDA:259,26,0,0
BRDA:259,26,1,0
BRDA:279,27,0,0
BRDA:279,28,0,0
BRDA:279,29,0,0
BRDA:282,30,0,0
BRDA:282,30,1,0
BRDA:282,31,0,0
BRDA:282,31,1,0
BRDA:314,32,0,0
BRDA:314,32,1,0
BRDA:315,33,0,0
BRDA:315,33,1,0
BRDA:316,34,0,0
BRDA:316,34,1,0
BRDA:316,35,0,0
BRDA:316,35,1,0
BRDA:322,36,0,0
BRDA:322,36,1,0
BRDA:334,37,0,0
BRDA:334,37,1,0
BRDA:349,38,0,0
BRDA:349,38,1,0
BRDA:359,39,0,0
BRDA:359,39,1,0
BRDA:382,40,0,0
BRDA:382,40,1,0
BRDA:382,41,0,0
BRDA:382,41,1,0
BRDA:405,42,0,0
BRDA:405,42,1,0
BRDA:411,43,0,0
BRDA:411,43,1,0
BRF:84
BRH:0
end_of_record
TN:
SF:routes\analytics.js
FN:8,(anonymous_0)
FN:40,(anonymous_1)
FN:48,(anonymous_2)
FN:70,(anonymous_3)
FN:97,(anonymous_4)
FN:101,(anonymous_5)
FN:103,(anonymous_6)
FN:104,(anonymous_7)
FN:139,(anonymous_8)
FN:141,(anonymous_9)
FN:142,(anonymous_10)
FN:153,(anonymous_11)
FN:171,(anonymous_12)
FN:178,(anonymous_13)
FN:194,(anonymous_14)
FN:228,(anonymous_15)
FN:229,(anonymous_16)
FN:245,(anonymous_17)
FN:263,(anonymous_18)
FN:268,(anonymous_19)
FN:283,(anonymous_20)
FN:353,(anonymous_21)
FN:399,(anonymous_22)
FN:409,(anonymous_23)
FN:411,(anonymous_24)
FN:414,(anonymous_25)
FN:432,(anonymous_26)
FN:461,(anonymous_27)
FN:484,(anonymous_28)
FN:514,(anonymous_29)
FN:526,(anonymous_30)
FN:527,(anonymous_31)
FNF:32
FNH:0
FNDA:0,(anonymous_0)
FNDA:0,(anonymous_1)
FNDA:0,(anonymous_2)
FNDA:0,(anonymous_3)
FNDA:0,(anonymous_4)
FNDA:0,(anonymous_5)
FNDA:0,(anonymous_6)
FNDA:0,(anonymous_7)
FNDA:0,(anonymous_8)
FNDA:0,(anonymous_9)
FNDA:0,(anonymous_10)
FNDA:0,(anonymous_11)
FNDA:0,(anonymous_12)
FNDA:0,(anonymous_13)
FNDA:0,(anonymous_14)
FNDA:0,(anonymous_15)
FNDA:0,(anonymous_16)
FNDA:0,(anonymous_17)
FNDA:0,(anonymous_18)
FNDA:0,(anonymous_19)
FNDA:0,(anonymous_20)
FNDA:0,(anonymous_21)
FNDA:0,(anonymous_22)
FNDA:0,(anonymous_23)
FNDA:0,(anonymous_24)
FNDA:0,(anonymous_25)
FNDA:0,(anonymous_26)
FNDA:0,(anonymous_27)
FNDA:0,(anonymous_28)
FNDA:0,(anonymous_29)
FNDA:0,(anonymous_30)
FNDA:0,(anonymous_31)
DA:1,0
DA:2,0
DA:3,0
DA:5,0
DA:8,0
DA:9,0
DA:11,0
DA:12,0
DA:15,0
DA:16,0
DA:19,0
DA:20,0
DA:21,0
DA:22,0
DA:25,0
DA:32,0
DA:33,0
DA:35,0
DA:40,0
DA:41,0
DA:42,0
DA:44,0
DA:48,0
DA:49,0
DA:50,0
DA:51,0
DA:54,0
DA:60,0
DA:61,0
DA:65,0
DA:70,0
DA:73,0
DA:89,0
DA:90,0
DA:94,0
DA:95,0
DA:97,0
DA:98,0
DA:101,0
DA:102,0
DA:103,0
DA:104,0
DA:106,0
DA:115,0
DA:133,0
DA:134,0
DA:138,0
DA:140,0
DA:141,0
DA:142,0
DA:144,0
DA:153,0
DA:156,0
DA:171,0
DA:178,0
DA:188,0
DA:189,0
DA:194,0
DA:195,0
DA:196,0
DA:197,0
DA:200,0
DA:207,0
DA:208,0
DA:212,0
DA:223,0
DA:224,0
DA:228,0
DA:229,0
DA:230,0
DA:231,0
DA:234,0
DA:235,0
DA:237,0
DA:238,0
DA:239,0
DA:240,0
DA:241,0
DA:242,0
DA:245,0
DA:246,0
DA:247,0
DA:248,0
DA:252,0
DA:263,0
DA:268,0
DA:277,0
DA:278,0
DA:283,0
DA:284,0
DA:285,0
DA:286,0
DA:287,0
DA:288,0
DA:289,0
DA:290,0
DA:291,0
DA:295,0
DA:296,0
DA:297,0
DA:299,0
DA:300,0
DA:301,0
DA:309,0
DA:310,0
DA:316,0
DA:317,0
DA:325,0
DA:337,0
DA:338,0
DA:341,0
DA:346,0
DA:348,0
DA:353,0
DA:354,0
DA:355,0
DA:356,0
DA:359,0
DA:387,0
DA:388,0
DA:389,0
DA:390,0
DA:392,0
DA:393,0
DA:394,0
DA:398,0
DA:399,0
DA:400,0
DA:401,0
DA:402,0
DA:403,0
DA:405,0
DA:408,0
DA:409,0
DA:411,0
DA:413,0
DA:414,0
DA:426,0
DA:427,0
DA:432,0
DA:433,0
DA:434,0
DA:435,0
DA:437,0
DA:439,0
DA:456,0
DA:457,0
DA:460,0
DA:461,0
DA:478,0
DA:479,0
DA:484,0
DA:485,0
DA:486,0
DA:488,0
DA:489,0
DA:491,0
DA:508,0
DA:509,0
DA:513,0
DA:514,0
DA:515,0
DA:516,0
DA:517,0
DA:522,0
DA:525,0
DA:526,0
DA:527,0
DA:537,0
DA:543,0
DA:544,0
DA:548,0
LF:172
LH:0
BRDA:11,0,0,0
BRDA:11,0,1,0
BRDA:15,1,0,0
BRDA:15,1,1,0
BRDA:21,2,0,0
BRDA:21,2,1,0
BRDA:22,3,0,0
BRDA:22,3,1,0
BRDA:41,4,0,0
BRDA:41,4,1,0
BRDA:50,5,0,0
BRDA:60,6,0,0
BRDA:60,6,1,0
BRDA:60,7,0,0
BRDA:60,7,1,0
BRDA:70,8,0,0
BRDA:70,8,1,0
BRDA:70,9,0,0
BRDA:70,9,1,0
BRDA:89,10,0,0
BRDA:89,10,1,0
BRDA:102,11,0,0
BRDA:102,11,1,0
BRDA:103,12,0,0
BRDA:103,12,1,0
BRDA:104,13,0,0
BRDA:104,13,1,0
BRDA:133,14,0,0
BRDA:133,14,1,0
BRDA:140,15,0,0
BRDA:140,15,1,0
BRDA:141,16,0,0
BRDA:141,16,1,0
BRDA:142,17,0,0
BRDA:142,17,1,0
BRDA:150,18,0,0
BRDA:150,18,1,0
BRDA:158,19,0,0
BRDA:158,19,1,0
BRDA:159,20,0,0
BRDA:159,20,1,0
BRDA:160,21,0,0
BRDA:160,21,1,0
BRDA:161,22,0,0
BRDA:161,22,1,0
BRDA:168,23,0,0
BRDA:168,23,1,0
BRDA:183,24,0,0
BRDA:183,24,1,0
BRDA:207,25,0,0
BRDA:207,25,1,0
BRDA:207,26,0,0
BRDA:207,26,1,0
BRDA:223,27,0,0
BRDA:223,27,1,0
BRDA:228,28,0,0
BRDA:228,28,1,0
BRDA:229,29,0,0
BRDA:229,29,1,0
BRDA:231,30,0,0
BRDA:231,30,1,0
BRDA:247,31,0,0
BRDA:247,31,1,0
BRDA:248,32,0,0
BRDA:248,32,1,0
BRDA:287,33,0,0
BRDA:287,33,1,0
BRDA:290,34,0,0
BRDA:290,34,1,0
BRDA:290,35,0,0
BRDA:290,35,1,0
BRDA:296,36,0,0
BRDA:296,36,1,0
BRDA:299,37,0,0
BRDA:299,37,1,0
BRDA:306,38,0,0
BRDA:306,38,1,0
BRDA:316,39,0,0
BRDA:316,39,1,0
BRDA:356,40,0,0
BRDA:356,40,1,0
BRDA:387,41,0,0
BRDA:387,41,1,0
BRDA:390,42,0,0
BRDA:390,42,1,0
BRDA:392,43,0,0
BRDA:392,43,1,0
BRDA:400,44,0,0
BRDA:400,44,1,0
BRDA:402,45,0,0
BRDA:402,45,1,0
BRDA:421,46,0,0
BRDA:421,46,1,0
BRDA:435,47,0,0
BRDA:435,48,0,0
BRDA:456,49,0,0
BRDA:456,49,1,0
BRDA:486,50,0,0
BRDA:486,51,0,0
BRDA:508,52,0,0
BRDA:508,52,1,0
BRDA:516,53,0,0
BRDA:516,53,1,0
BRDA:522,54,0,0
BRDA:522,54,1,0
BRF:105
BRH:0
end_of_record
TN:
SF:routes\auth.js
FN:8,(anonymous_0)
FN:87,(anonymous_1)
FN:140,(anonymous_2)
FN:173,(anonymous_3)
FNF:4
FNH:0
FNDA:0,(anonymous_0)
FNDA:0,(anonymous_1)
FNDA:0,(anonymous_2)
FNDA:0,(anonymous_3)
DA:1,0
DA:2,0
DA:3,0
DA:5,0
DA:8,0
DA:9,0
DA:10,0
DA:12,0
DA:13,0
DA:15,0
DA:16,0
DA:20,0
DA:26,0
DA:27,0
DA:31,0
DA:36,0
DA:37,0
DA:41,0
DA:53,0
DA:54,0
DA:55,0
DA:58,0
DA:59,0
DA:63,0
DA:69,0
DA:81,0
DA:82,0
DA:87,0
DA:88,0
DA:89,0
DA:90,0
DA:91,0
DA:95,0
DA:99,0
DA:100,0
DA:104,0
DA:109,0
DA:110,0
DA:114,0
DA:120,0
DA:134,0
DA:135,0
DA:140,0
DA:141,0
DA:142,0
DA:143,0
DA:145,0
DA:146,0
DA:152,0
DA:154,0
DA:167,0
DA:168,0
DA:173,0
DA:174,0
DA:175,0
DA:176,0
DA:178,0
DA:179,0
DA:181,0
DA:194,0
DA:196,0
DA:209,0
DA:210,0
DA:214,0
LF:64
LH:0
BRDA:12,0,0,0
BRDA:12,0,1,0
BRDA:12,1,0,0
BRDA:12,1,1,0
BRDA:12,1,2,0
BRDA:12,1,3,0
BRDA:12,1,4,0
BRDA:15,2,0,0
BRDA:15,2,1,0
BRDA:26,3,0,0
BRDA:26,3,1,0
BRDA:36,4,0,0
BRDA:36,4,1,0
BRDA:53,5,0,0
BRDA:53,5,1,0
BRDA:58,6,0,0
BRDA:58,6,1,0
BRDA:65,7,0,0
BRDA:65,7,1,0
BRDA:90,8,0,0
BRDA:90,8,1,0
BRDA:90,9,0,0
BRDA:90,9,1,0
BRDA:99,10,0,0
BRDA:99,10,1,0
BRDA:99,11,0,0
BRDA:99,11,1,0
BRDA:109,12,0,0
BRDA:109,12,1,0
BRDA:109,13,0,0
BRDA:109,13,1,0
BRDA:116,14,0,0
BRDA:116,14,1,0
BRDA:143,15,0,0
BRDA:143,15,1,0
BRDA:145,16,0,0
BRDA:145,16,1,0
BRDA:152,17,0,0
BRDA:152,17,1,0
BRDA:152,18,0,0
BRDA:152,18,1,0
BRDA:176,19,0,0
BRDA:176,19,1,0
BRDA:178,20,0,0
BRDA:178,20,1,0
BRDA:184,21,0,0
BRDA:184,21,1,0
BRDA:185,22,0,0
BRDA:185,22,1,0
BRDA:186,23,0,0
BRDA:186,23,1,0
BRDA:187,24,0,0
BRDA:187,24,1,0
BRDA:194,25,0,0
BRDA:194,25,1,0
BRF:55
BRH:0
end_of_record
TN:
SF:routes\categories.js
FN:7,(anonymous_0)
FN:19,(anonymous_1)
FN:35,(anonymous_2)
FNF:3
FNH:0
FNDA:0,(anonymous_0)
FNDA:0,(anonymous_1)
FNDA:0,(anonymous_2)
DA:1,0
DA:2,0
DA:4,0
DA:7,0
DA:8,0
DA:9,0
DA:14,0
DA:15,0
DA:18,0
DA:19,0
DA:29,0
DA:30,0
DA:35,0
DA:36,0
DA:37,0
DA:39,0
DA:45,0
DA:46,0
DA:49,0
DA:60,0
DA:61,0
DA:65,0
LF:22
LH:0
BRDA:14,0,0,0
BRDA:14,0,1,0
BRDA:45,1,0,0
BRDA:45,1,1,0
BRDA:45,2,0,0
BRDA:45,2,1,0
BRF:6
BRH:0
end_of_record
TN:
SF:routes\favorites.js
FN:8,getFavoritesIdForUser
FN:20,(anonymous_1)
FN:44,(anonymous_2)
FN:88,(anonymous_3)
FN:115,(anonymous_4)
FN:189,(anonymous_5)
FN:225,(anonymous_6)
FN:262,(anonymous_7)
FN:303,(anonymous_8)
FN:330,(anonymous_9)
FN:371,(anonymous_10)
FN:398,(anonymous_11)
FNF:12
FNH:0
FNDA:0,getFavoritesIdForUser
FNDA:0,(anonymous_1)
FNDA:0,(anonymous_2)
FNDA:0,(anonymous_3)
FNDA:0,(anonymous_4)
FNDA:0,(anonymous_5)
FNDA:0,(anonymous_6)
FNDA:0,(anonymous_7)
FNDA:0,(anonymous_8)
FNDA:0,(anonymous_9)
FNDA:0,(anonymous_10)
FNDA:0,(anonymous_11)
DA:1,0
DA:2,0
DA:3,0
DA:5,0
DA:9,0
DA:10,0
DA:11,0
DA:12,0
DA:13,0
DA:14,0
DA:16,0
DA:20,0
DA:21,0
DA:23,0
DA:24,0
DA:27,0
DA:28,0
DA:31,0
DA:32,0
DA:33,0
DA:34,0
DA:36,0
DA:37,0
DA:39,0
DA:44,0
DA:45,0
DA:46,0
DA:47,0
DA:48,0
DA:52,0
DA:53,0
DA:55,0
DA:56,0
DA:58,0
DA:61,0
DA:81,0
DA:83,0
DA:84,0
DA:87,0
DA:88,0
DA:109,0
DA:110,0
DA:115,0
DA:116,0
DA:117,0
DA:119,0
DA:120,0
DA:124,0
DA:131,0
DA:132,0
DA:137,0
DA:138,0
DA:140,0
DA:141,0
DA:145,0
DA:152,0
DA:153,0
DA:156,0
DA:164,0
DA:165,0
DA:166,0
DA:168,0
DA:172,0
DA:174,0
DA:183,0
DA:184,0
DA:189,0
DA:190,0
DA:191,0
DA:195,0
DA:196,0
DA:198,0
DA:199,0
DA:203,0
DA:209,0
DA:210,0
DA:214,0
DA:216,0
DA:219,0
DA:220,0
DA:225,0
DA:226,0
DA:227,0
DA:231,0
DA:232,0
DA:234,0
DA:235,0
DA:239,0
DA:246,0
DA:247,0
DA:250,0
DA:256,0
DA:257,0
DA:262,0
DA:263,0
DA:264,0
DA:265,0
DA:266,0
DA:270,0
DA:271,0
DA:273,0
DA:274,0
DA:277,0
DA:298,0
DA:299,0
DA:302,0
DA:303,0
DA:324,0
DA:325,0
DA:330,0
DA:331,0
DA:332,0
DA:333,0
DA:334,0
DA:338,0
DA:339,0
DA:341,0
DA:342,0
DA:345,0
DA:366,0
DA:367,0
DA:370,0
DA:371,0
DA:392,0
DA:393,0
DA:398,0
DA:399,0
DA:402,0
DA:403,0
DA:405,0
DA:406,0
DA:409,0
DA:414,0
DA:415,0
DA:418,0
DA:423,0
DA:424,0
DA:428,0
LF:138
LH:0
BRDA:10,0,0,0
BRDA:10,0,1,0
BRDA:12,1,0,0
BRDA:12,1,1,0
BRDA:12,2,0,0
BRDA:12,2,1,0
BRDA:13,3,0,0
BRDA:13,3,1,0
BRDA:13,4,0,0
BRDA:13,4,1,0
BRDA:14,5,0,0
BRDA:14,5,1,0
BRDA:14,5,2,0
BRDA:23,6,0,0
BRDA:23,6,1,0
BRDA:27,7,0,0
BRDA:27,7,1,0
BRDA:33,8,0,0
BRDA:33,8,1,0
BRDA:34,9,0,0
BRDA:34,9,1,0
BRDA:47,10,0,0
BRDA:47,11,0,0
BRDA:56,12,0,0
BRDA:56,12,1,0
BRDA:81,13,0,0
BRDA:81,13,1,0
BRDA:83,14,0,0
BRDA:83,14,1,0
BRDA:119,15,0,0
BRDA:119,15,1,0
BRDA:131,16,0,0
BRDA:131,16,1,0
BRDA:131,17,0,0
BRDA:131,17,1,0
BRDA:152,18,0,0
BRDA:152,18,1,0
BRDA:153,19,0,0
BRDA:153,19,1,0
BRDA:164,20,0,0
BRDA:164,20,1,0
BRDA:165,21,0,0
BRDA:165,21,1,0
BRDA:209,22,0,0
BRDA:209,22,1,0
BRDA:246,23,0,0
BRDA:246,23,1,0
BRDA:252,24,0,0
BRDA:252,24,1,0
BRDA:265,25,0,0
BRDA:265,26,0,0
BRDA:298,27,0,0
BRDA:298,27,1,0
BRDA:333,28,0,0
BRDA:333,29,0,0
BRDA:366,30,0,0
BRDA:366,30,1,0
BRDA:414,31,0,0
BRDA:414,31,1,0
BRDA:419,32,0,0
BRDA:419,32,1,0
BRF:61
BRH:0
end_of_record
TN:
SF:routes\friends.js
FN:7,(anonymous_0)
FN:31,(anonymous_1)
FN:156,(anonymous_2)
FN:249,(anonymous_3)
FN:288,(anonymous_4)
FN:333,(anonymous_5)
FN:350,(anonymous_6)
FN:371,(anonymous_7)
FN:388,(anonymous_8)
FN:407,(anonymous_9)
FN:427,(anonymous_10)
FN:428,(anonymous_11)
FN:455,(anonymous_12)
FN:475,(anonymous_13)
FN:495,(anonymous_14)
FN:513,(anonymous_15)
FN:514,(anonymous_16)
FN:544,(anonymous_17)
FNF:18
FNH:0
FNDA:0,(anonymous_0)
FNDA:0,(anonymous_1)
FNDA:0,(anonymous_2)
FNDA:0,(anonymous_3)
FNDA:0,(anonymous_4)
FNDA:0,(anonymous_5)
FNDA:0,(anonymous_6)
FNDA:0,(anonymous_7)
FNDA:0,(anonymous_8)
FNDA:0,(anonymous_9)
FNDA:0,(anonymous_10)
FNDA:0,(anonymous_11)
FNDA:0,(anonymous_12)
FNDA:0,(anonymous_13)
FNDA:0,(anonymous_14)
FNDA:0,(anonymous_15)
FNDA:0,(anonymous_16)
FNDA:0,(anonymous_17)
DA:1,0
DA:2,0
DA:4,0
DA:7,0
DA:8,0
DA:10,0
DA:11,0
DA:14,0
DA:15,0
DA:18,0
DA:19,0
DA:20,0
DA:21,0
DA:23,0
DA:24,0
DA:26,0
DA:31,0
DA:32,0
DA:33,0
DA:34,0
DA:35,0
DA:36,0
DA:38,0
DA:39,0
DA:42,0
DA:43,0
DA:47,0
DA:53,0
DA:54,0
DA:57,0
DA:63,0
DA:64,0
DA:68,0
DA:74,0
DA:75,0
DA:76,0
DA:78,0
DA:79,0
DA:82,0
DA:83,0
DA:84,0
DA:89,0
DA:90,0
DA:91,0
DA:93,0
DA:98,0
DA:104,0
DA:105,0
DA:106,0
DA:108,0
DA:112,0
DA:113,0
DA:115,0
DA:124,0
DA:126,0
DA:132,0
DA:133,0
DA:134,0
DA:136,0
DA:139,0
DA:150,0
DA:151,0
DA:156,0
DA:157,0
DA:158,0
DA:159,0
DA:161,0
DA:162,0
DA:165,0
DA:173,0
DA:174,0
DA:178,0
DA:184,0
DA:185,0
DA:188,0
DA:190,0
DA:197,0
DA:198,0
DA:202,0
DA:203,0
DA:209,0
DA:213,0
DA:214,0
DA:223,0
DA:225,0
DA:231,0
DA:232,0
DA:235,0
DA:238,0
DA:243,0
DA:244,0
DA:249,0
DA:250,0
DA:251,0
DA:253,0
DA:259,0
DA:260,0
DA:263,0
DA:264,0
DA:267,0
DA:268,0
DA:271,0
DA:276,0
DA:277,0
DA:280,0
DA:282,0
DA:283,0
DA:288,0
DA:289,0
DA:290,0
DA:291,0
DA:293,0
DA:294,0
DA:298,0
DA:305,0
DA:306,0
DA:307,0
DA:310,0
DA:311,0
DA:315,0
DA:316,0
DA:317,0
DA:318,0
DA:319,0
DA:321,0
DA:324,0
DA:327,0
DA:328,0
DA:333,0
DA:334,0
DA:335,0
DA:336,0
DA:338,0
DA:344,0
DA:345,0
DA:346,0
DA:349,0
DA:350,0
DA:351,0
DA:353,0
DA:354,0
DA:355,0
DA:358,0
DA:363,0
DA:364,0
DA:365,0
DA:368,0
DA:371,0
DA:380,0
DA:382,0
DA:383,0
DA:388,0
DA:389,0
DA:390,0
DA:393,0
DA:399,0
DA:400,0
DA:401,0
DA:404,0
DA:407,0
DA:408,0
DA:410,0
DA:411,0
DA:416,0
DA:417,0
DA:418,0
DA:421,0
DA:424,0
DA:427,0
DA:428,0
DA:435,0
DA:441,0
DA:443,0
DA:444,0
DA:445,0
DA:446,0
DA:449,0
DA:450,0
DA:451,0
DA:454,0
DA:455,0
DA:469,0
DA:470,0
DA:475,0
DA:476,0
DA:477,0
DA:480,0
DA:487,0
DA:488,0
DA:489,0
DA:492,0
DA:495,0
DA:496,0
DA:498,0
DA:499,0
DA:504,0
DA:505,0
DA:506,0
DA:509,0
DA:513,0
DA:514,0
DA:521,0
DA:534,0
DA:538,0
DA:539,0
DA:544,0
DA:545,0
DA:546,0
DA:547,0
DA:549,0
DA:556,0
DA:557,0
DA:560,0
DA:565,0
DA:566,0
DA:569,0
DA:571,0
DA:572,0
DA:576,0
LF:219
LH:0
BRDA:10,0,0,0
BRDA:10,0,1,0
BRDA:14,1,0,0
BRDA:14,1,1,0
BRDA:20,2,0,0
BRDA:20,2,1,0
BRDA:21,3,0,0
BRDA:21,3,1,0
BRDA:38,4,0,0
BRDA:38,4,1,0
BRDA:42,5,0,0
BRDA:42,5,1,0
BRDA:53,6,0,0
BRDA:53,6,1,0
BRDA:53,7,0,0
BRDA:53,7,1,0
BRDA:63,8,0,0
BRDA:63,8,1,0
BRDA:63,9,0,0
BRDA:63,9,1,0
BRDA:74,10,0,0
BRDA:74,10,1,0
BRDA:75,11,0,0
BRDA:75,11,1,0
BRDA:78,12,0,0
BRDA:78,12,1,0
BRDA:82,13,0,0
BRDA:82,13,1,0
BRDA:89,14,0,0
BRDA:89,14,1,0
BRDA:104,15,0,0
BRDA:104,15,1,0
BRDA:105,16,0,0
BRDA:105,16,1,0
BRDA:119,17,0,0
BRDA:119,17,1,0
BRDA:132,18,0,0
BRDA:132,18,1,0
BRDA:161,19,0,0
BRDA:161,19,1,0
BRDA:173,20,0,0
BRDA:173,20,1,0
BRDA:173,21,0,0
BRDA:173,21,1,0
BRDA:184,22,0,0
BRDA:184,22,1,0
BRDA:184,23,0,0
BRDA:184,23,1,0
BRDA:188,24,0,0
BRDA:188,24,1,0
BRDA:197,25,0,0
BRDA:197,25,1,0
BRDA:202,26,0,0
BRDA:202,26,1,0
BRDA:217,27,0,0
BRDA:217,27,1,0
BRDA:218,28,0,0
BRDA:218,28,1,0
BRDA:218,29,0,0
BRDA:218,29,1,0
BRDA:231,30,0,0
BRDA:231,30,1,0
BRDA:259,31,0,0
BRDA:259,31,1,0
BRDA:259,32,0,0
BRDA:259,32,1,0
BRDA:263,33,0,0
BRDA:263,33,1,0
BRDA:267,34,0,0
BRDA:267,34,1,0
BRDA:276,35,0,0
BRDA:276,35,1,0
BRDA:293,36,0,0
BRDA:293,36,1,0
BRDA:305,37,0,0
BRDA:305,37,1,0
BRDA:310,38,0,0
BRDA:310,38,1,0
BRDA:315,39,0,0
BRDA:315,39,1,0
BRDA:317,40,0,0
BRDA:317,40,1,0
BRDA:318,41,0,0
BRDA:318,41,1,0
BRDA:344,42,0,0
BRDA:344,42,1,0
BRDA:349,43,0,0
BRDA:349,43,1,0
BRDA:350,44,0,0
BRDA:350,44,1,0
BRDA:353,45,0,0
BRDA:353,45,1,0
BRDA:363,46,0,0
BRDA:363,46,1,0
BRDA:368,47,0,0
BRDA:368,47,1,0
BRDA:399,48,0,0
BRDA:399,48,1,0
BRDA:404,49,0,0
BRDA:404,49,1,0
BRDA:410,50,0,0
BRDA:410,50,1,0
BRDA:416,51,0,0
BRDA:416,51,1,0
BRDA:421,52,0,0
BRDA:421,52,1,0
BRDA:428,53,0,0
BRDA:428,53,1,0
BRDA:443,54,0,0
BRDA:443,54,1,0
BRDA:449,55,0,0
BRDA:449,55,1,0
BRDA:450,56,0,0
BRDA:450,56,1,0
BRDA:450,57,0,0
BRDA:450,57,1,0
BRDA:487,58,0,0
BRDA:487,58,1,0
BRDA:492,59,0,0
BRDA:492,59,1,0
BRDA:495,60,0,0
BRDA:495,60,1,0
BRDA:498,61,0,0
BRDA:498,61,1,0
BRDA:504,62,0,0
BRDA:504,62,1,0
BRDA:509,63,0,0
BRDA:509,63,1,0
BRDA:513,64,0,0
BRDA:513,64,1,0
BRDA:514,65,0,0
BRDA:514,65,1,0
BRDA:556,66,0,0
BRDA:556,66,1,0
BRDA:556,67,0,0
BRDA:556,67,1,0
BRDA:565,68,0,0
BRDA:565,68,1,0
BRF:138
BRH:0
end_of_record
TN:
SF:routes\playlists.js
FN:5,authenticateToken
FN:35,requireCreator
FN:42,(anonymous_2)
FN:59,(anonymous_3)
FN:66,(anonymous_4)
FN:76,(anonymous_5)
FN:83,(anonymous_6)
FN:114,(anonymous_7)
FN:132,(anonymous_8)
FN:166,(anonymous_9)
FN:240,(anonymous_10)
FN:280,(anonymous_11)
FN:297,tryAuthenticate
FN:300,(anonymous_13)
FNF:14
FNH:0
FNDA:0,authenticateToken
FNDA:0,requireCreator
FNDA:0,(anonymous_2)
FNDA:0,(anonymous_3)
FNDA:0,(anonymous_4)
FNDA:0,(anonymous_5)
FNDA:0,(anonymous_6)
FNDA:0,(anonymous_7)
FNDA:0,(anonymous_8)
FNDA:0,(anonymous_9)
FNDA:0,(anonymous_10)
FNDA:0,(anonymous_11)
FNDA:0,tryAuthenticate
FNDA:0,(anonymous_13)
DA:1,0
DA:2,0
DA:3,0
DA:6,0
DA:7,0
DA:8,0
DA:11,0
DA:12,0
DA:13,0
DA:14,0
DA:17,0
DA:23,0
DA:28,0
DA:30,0
DA:31,0
DA:36,0
DA:37,0
DA:39,0
DA:42,0
DA:43,0
DA:60,0
DA:61,0
DA:62,0
DA:65,0
DA:66,0
DA:77,0
DA:78,0
DA:83,0
DA:84,0
DA:86,0
DA:87,0
DA:90,0
DA:93,0
DA:108,0
DA:109,0
DA:110,0
DA:113,0
DA:114,0
DA:126,0
DA:127,0
DA:132,0
DA:133,0
DA:134,0
DA:135,0
DA:137,0
DA:138,0
DA:141,0
DA:158,0
DA:160,0
DA:161,0
DA:162,0
DA:165,0
DA:166,0
DA:186,0
DA:187,0
DA:240,0
DA:241,0
DA:242,0
DA:243,0
DA:244,0
DA:247,0
DA:248,0
DA:249,0
DA:251,0
DA:257,0
DA:260,0
DA:268,0
DA:269,0
DA:272,0
DA:274,0
DA:275,0
DA:276,0
DA:279,0
DA:280,0
DA:292,0
DA:293,0
DA:298,0
DA:299,0
DA:300,0
DA:301,0
DA:302,0
DA:305,0
DA:306,0
DA:310,0
LF:84
LH:0
BRDA:7,0,0,0
BRDA:7,0,1,0
BRDA:13,1,0,0
BRDA:13,1,1,0
BRDA:13,2,0,0
BRDA:13,2,1,0
BRDA:36,3,0,0
BRDA:36,3,1,0
BRDA:60,4,0,0
BRDA:60,4,1,0
BRDA:72,5,0,0
BRDA:72,5,1,0
BRDA:90,6,0,0
BRDA:90,6,1,0
BRDA:108,7,0,0
BRDA:108,7,1,0
BRDA:114,8,0,0
BRDA:114,8,1,0
BRDA:122,9,0,0
BRDA:122,9,1,0
BRDA:134,10,0,0
BRDA:134,11,0,0
BRDA:134,12,0,0
BRDA:137,13,0,0
BRDA:137,13,1,0
BRDA:137,14,0,0
BRDA:137,14,1,0
BRDA:160,15,0,0
BRDA:160,15,1,0
BRDA:166,16,0,0
BRDA:166,16,1,0
BRDA:172,17,0,0
BRDA:172,17,1,0
BRDA:247,18,0,0
BRDA:247,18,1,0
BRDA:247,19,0,0
BRDA:247,19,1,0
BRDA:249,20,0,0
BRDA:249,20,1,0
BRDA:257,21,0,0
BRDA:257,21,1,0
BRDA:268,22,0,0
BRDA:268,22,1,0
BRDA:274,23,0,0
BRDA:274,23,1,0
BRDA:280,24,0,0
BRDA:280,24,1,0
BRDA:288,25,0,0
BRDA:288,25,1,0
BRDA:299,26,0,0
BRDA:299,26,1,0
BRDA:301,27,0,0
BRDA:301,27,1,0
BRF:53
BRH:0
end_of_record
TN:
SF:routes\playlists.search.js
FN:2,(anonymous_0)
FN:37,(anonymous_1)
FNF:2
FNH:0
FNDA:0,(anonymous_0)
FNDA:0,(anonymous_1)
DA:2,0
DA:3,0
DA:4,0
DA:5,0
DA:7,0
DA:8,0
DA:11,0
DA:29,0
DA:31,0
DA:32,0
DA:33,0
DA:36,0
DA:37,0
DA:59,0
DA:60,0
LF:15
LH:0
BRDA:4,0,0,0
BRDA:4,1,0,0
BRDA:4,2,0,0
BRDA:7,3,0,0
BRDA:7,3,1,0
BRDA:7,4,0,0
BRDA:7,4,1,0
BRDA:31,5,0,0
BRDA:31,5,1,0
BRDA:42,6,0,0
BRDA:42,6,1,0
BRDA:44,7,0,0
BRDA:44,7,1,0
BRDA:54,8,0,0
BRDA:54,8,1,0
BRF:15
BRH:0
end_of_record
TN:
SF:routes\recommendations.js
FN:7,(anonymous_0)
FN:31,(anonymous_1)
FN:59,(anonymous_2)
FN:69,(anonymous_3)
FN:152,(anonymous_4)
FN:176,(anonymous_5)
FN:204,(anonymous_6)
FN:214,(anonymous_7)
FN:298,(anonymous_8)
FN:322,(anonymous_9)
FN:349,(anonymous_10)
FN:380,(anonymous_11)
FN:403,(anonymous_12)
FN:431,(anonymous_13)
FNF:14
FNH:0
FNDA:0,(anonymous_0)
FNDA:0,(anonymous_1)
FNDA:0,(anonymous_2)
FNDA:0,(anonymous_3)
FNDA:0,(anonymous_4)
FNDA:0,(anonymous_5)
FNDA:0,(anonymous_6)
FNDA:0,(anonymous_7)
FNDA:0,(anonymous_8)
FNDA:0,(anonymous_9)
FNDA:0,(anonymous_10)
FNDA:0,(anonymous_11)
FNDA:0,(anonymous_12)
FNDA:0,(anonymous_13)
DA:1,0
DA:2,0
DA:4,0
DA:7,0
DA:8,0
DA:10,0
DA:11,0
DA:14,0
DA:15,0
DA:18,0
DA:19,0
DA:20,0
DA:21,0
DA:23,0
DA:24,0
DA:26,0
DA:31,0
DA:32,0
DA:33,0
DA:34,0
DA:37,0
DA:51,0
DA:52,0
DA:56,0
DA:58,0
DA:59,0
DA:60,0
DA:61,0
DA:67,0
DA:68,0
DA:69,0
DA:72,0
DA:75,0
DA:76,0
DA:94,0
DA:95,0
DA:100,0
DA:101,0
DA:117,0
DA:118,0
DA:121,0
DA:124,0
DA:125,0
DA:129,0
DA:130,0
DA:145,0
DA:146,0
DA:152,0
DA:163,0
DA:170,0
DA:171,0
DA:176,0
DA:177,0
DA:178,0
DA:179,0
DA:182,0
DA:196,0
DA:197,0
DA:201,0
DA:203,0
DA:204,0
DA:205,0
DA:206,0
DA:212,0
DA:213,0
DA:214,0
DA:217,0
DA:220,0
DA:221,0
DA:239,0
DA:240,0
DA:245,0
DA:246,0
DA:263,0
DA:264,0
DA:267,0
DA:270,0
DA:271,0
DA:275,0
DA:276,0
DA:291,0
DA:292,0
DA:298,0
DA:309,0
DA:316,0
DA:317,0
DA:322,0
DA:323,0
DA:324,0
DA:325,0
DA:328,0
DA:340,0
DA:341,0
DA:345,0
DA:346,0
DA:348,0
DA:349,0
DA:350,0
DA:351,0
DA:356,0
DA:373,0
DA:375,0
DA:376,0
DA:377,0
DA:380,0
DA:391,0
DA:397,0
DA:398,0
DA:403,0
DA:404,0
DA:405,0
DA:406,0
DA:409,0
DA:426,0
DA:427,0
DA:428,0
DA:431,0
DA:440,0
DA:446,0
DA:447,0
DA:451,0
LF:121
LH:0
BRDA:10,0,0,0
BRDA:10,0,1,0
BRDA:14,1,0,0
BRDA:14,1,1,0
BRDA:20,2,0,0
BRDA:20,2,1,0
BRDA:21,3,0,0
BRDA:21,3,1,0
BRDA:34,4,0,0
BRDA:34,4,1,0
BRDA:51,5,0,0
BRDA:51,5,1,0
BRDA:58,6,0,0
BRDA:58,6,1,0
BRDA:58,7,0,0
BRDA:58,7,1,0
BRDA:60,8,0,0
BRDA:60,8,1,0
BRDA:68,9,0,0
BRDA:68,9,1,0
BRDA:75,10,0,0
BRDA:75,10,1,0
BRDA:94,11,0,0
BRDA:94,11,1,0
BRDA:94,12,0,0
BRDA:94,12,1,0
BRDA:100,13,0,0
BRDA:100,13,1,0
BRDA:117,14,0,0
BRDA:117,14,1,0
BRDA:124,15,0,0
BRDA:124,15,1,0
BRDA:124,16,0,0
BRDA:124,16,1,0
BRDA:129,17,0,0
BRDA:129,17,1,0
BRDA:145,18,0,0
BRDA:145,18,1,0
BRDA:145,19,0,0
BRDA:145,19,1,0
BRDA:165,20,0,0
BRDA:165,20,1,0
BRDA:179,21,0,0
BRDA:179,21,1,0
BRDA:196,22,0,0
BRDA:196,22,1,0
BRDA:203,23,0,0
BRDA:203,23,1,0
BRDA:203,24,0,0
BRDA:203,24,1,0
BRDA:205,25,0,0
BRDA:205,25,1,0
BRDA:213,26,0,0
BRDA:213,26,1,0
BRDA:220,27,0,0
BRDA:220,27,1,0
BRDA:239,28,0,0
BRDA:239,28,1,0
BRDA:239,29,0,0
BRDA:239,29,1,0
BRDA:245,30,0,0
BRDA:245,30,1,0
BRDA:263,31,0,0
BRDA:263,31,1,0
BRDA:270,32,0,0
BRDA:270,32,1,0
BRDA:270,33,0,0
BRDA:270,33,1,0
BRDA:275,34,0,0
BRDA:275,34,1,0
BRDA:291,35,0,0
BRDA:291,35,1,0
BRDA:291,36,0,0
BRDA:291,36,1,0
BRDA:311,37,0,0
BRDA:311,37,1,0
BRDA:325,38,0,0
BRDA:325,38,1,0
BRDA:340,39,0,0
BRDA:340,39,1,0
BRDA:348,40,0,0
BRDA:348,40,1,0
BRDA:348,41,0,0
BRDA:348,41,1,0
BRDA:350,42,0,0
BRDA:350,42,1,0
BRDA:351,43,0,0
BRDA:351,43,1,0
BRDA:375,44,0,0
BRDA:375,44,1,0
BRDA:380,45,0,0
BRDA:380,45,1,0
BRDA:388,46,0,0
BRDA:388,46,1,0
BRDA:406,47,0,0
BRDA:406,47,1,0
BRDA:426,48,0,0
BRDA:426,48,1,0
BRDA:431,49,0,0
BRDA:431,49,1,0
BRDA:436,50,0,0
BRDA:436,50,1,0
BRDA:437,51,0,0
BRDA:437,51,1,0
BRF:104
BRH:0
end_of_record
TN:
SF:routes\songs.js
FN:15,(anonymous_0)
FN:25,(anonymous_1)
FN:56,(anonymous_2)
FN:64,(anonymous_3)
FN:84,(anonymous_4)
FN:171,(anonymous_5)
FN:189,(anonymous_6)
FN:209,(anonymous_7)
FN:269,(anonymous_8)
FN:297,(anonymous_9)
FN:342,(anonymous_10)
FN:406,(anonymous_11)
FN:452,(anonymous_12)
FN:471,(anonymous_13)
FN:493,(anonymous_14)
FN:517,(anonymous_15)
FN:544,(anonymous_16)
FN:593,(anonymous_17)
FNF:18
FNH:0
FNDA:0,(anonymous_0)
FNDA:0,(anonymous_1)
FNDA:0,(anonymous_2)
FNDA:0,(anonymous_3)
FNDA:0,(anonymous_4)
FNDA:0,(anonymous_5)
FNDA:0,(anonymous_6)
FNDA:0,(anonymous_7)
FNDA:0,(anonymous_8)
FNDA:0,(anonymous_9)
FNDA:0,(anonymous_10)
FNDA:0,(anonymous_11)
FNDA:0,(anonymous_12)
FNDA:0,(anonymous_13)
FNDA:0,(anonymous_14)
FNDA:0,(anonymous_15)
FNDA:0,(anonymous_16)
FNDA:0,(anonymous_17)
DA:1,0
DA:2,0
DA:3,0
DA:4,0
DA:6,0
DA:9,0
DA:10,0
DA:16,0
DA:17,0
DA:19,0
DA:25,0
DA:26,0
DA:28,0
DA:29,0
DA:32,0
DA:33,0
DA:36,0
DA:37,0
DA:38,0
DA:39,0
DA:42,0
DA:48,0
DA:49,0
DA:51,0
DA:56,0
DA:57,0
DA:58,0
DA:60,0
DA:64,0
DA:65,0
DA:66,0
DA:67,0
DA:69,0
DA:70,0
DA:72,0
DA:73,0
DA:74,0
DA:75,0
DA:76,0
DA:77,0
DA:79,0
DA:84,0
DA:85,0
DA:86,0
DA:87,0
DA:89,0
DA:90,0
DA:95,0
DA:98,0
DA:100,0
DA:102,0
DA:109,0
DA:110,0
DA:111,0
DA:118,0
DA:123,0
DA:143,0
DA:145,0
DA:146,0
DA:149,0
DA:165,0
DA:166,0
DA:171,0
DA:172,0
DA:173,0
DA:183,0
DA:184,0
DA:185,0
DA:188,0
DA:189,0
DA:203,0
DA:204,0
DA:209,0
DA:210,0
DA:219,0
DA:221,0
DA:232,0
DA:233,0
DA:237,0
DA:238,0
DA:242,0
DA:243,0
DA:247,0
DA:248,0
DA:249,0
DA:250,0
DA:251,0
DA:253,0
DA:255,0
DA:259,0
DA:260,0
DA:262,0
DA:264,0
DA:265,0
DA:268,0
DA:269,0
DA:291,0
DA:292,0
DA:297,0
DA:298,0
DA:299,0
DA:301,0
DA:313,0
DA:314,0
DA:317,0
DA:336,0
DA:337,0
DA:342,0
DA:343,0
DA:344,0
DA:345,0
DA:348,0
DA:354,0
DA:355,0
DA:358,0
DA:359,0
DA:363,0
DA:381,0
DA:382,0
DA:385,0
DA:400,0
DA:401,0
DA:406,0
DA:407,0
DA:408,0
DA:411,0
DA:417,0
DA:418,0
DA:421,0
DA:422,0
DA:426,0
DA:431,0
DA:432,0
DA:436,0
DA:437,0
DA:438,0
DA:439,0
DA:443,0
DA:446,0
DA:447,0
DA:452,0
DA:453,0
DA:454,0
DA:456,0
DA:465,0
DA:466,0
DA:467,0
DA:470,0
DA:471,0
DA:487,0
DA:488,0
DA:493,0
DA:494,0
DA:495,0
DA:496,0
DA:498,0
DA:500,0
DA:512,0
DA:513,0
DA:516,0
DA:517,0
DA:537,0
DA:538,0
DA:542,0
DA:544,0
DA:545,0
DA:546,0
DA:549,0
DA:555,0
DA:556,0
DA:560,0
DA:562,0
DA:565,0
DA:572,0
DA:573,0
DA:576,0
DA:579,0
DA:580,0
DA:581,0
DA:583,0
DA:586,0
DA:588,0
DA:589,0
DA:593,0
DA:594,0
DA:595,0
DA:597,0
DA:599,0
DA:601,0
DA:606,0
DA:607,0
DA:609,0
DA:611,0
DA:612,0
LF:194
LH:0
BRDA:16,0,0,0
BRDA:16,0,1,0
BRDA:28,1,0,0
BRDA:28,1,1,0
BRDA:32,2,0,0
BRDA:32,2,1,0
BRDA:38,3,0,0
BRDA:38,3,1,0
BRDA:39,4,0,0
BRDA:39,4,1,0
BRDA:57,5,0,0
BRDA:57,5,1,0
BRDA:66,6,0,0
BRDA:66,6,1,0
BRDA:69,7,0,0
BRDA:69,7,1,0
BRDA:74,8,0,0
BRDA:74,8,1,0
BRDA:75,9,0,0
BRDA:75,9,1,0
BRDA:89,10,0,0
BRDA:89,10,1,0
BRDA:89,11,0,0
BRDA:89,11,1,0
BRDA:89,11,2,0
BRDA:89,11,3,0
BRDA:109,12,0,0
BRDA:109,12,1,0
BRDA:113,13,0,0
BRDA:113,13,1,0
BRDA:128,14,0,0
BRDA:128,14,1,0
BRDA:132,15,0,0
BRDA:132,15,1,0
BRDA:143,16,0,0
BRDA:143,16,1,0
BRDA:183,17,0,0
BRDA:183,17,1,0
BRDA:199,18,0,0
BRDA:199,18,1,0
BRDA:215,19,0,0
BRDA:216,20,0,0
BRDA:217,21,0,0
BRDA:218,22,0,0
BRDA:232,23,0,0
BRDA:232,23,1,0
BRDA:237,24,0,0
BRDA:237,24,1,0
BRDA:242,25,0,0
BRDA:242,25,1,0
BRDA:247,26,0,0
BRDA:247,26,1,0
BRDA:249,27,0,0
BRDA:249,27,1,0
BRDA:251,28,0,0
BRDA:251,28,1,0
BRDA:264,29,0,0
BRDA:264,29,1,0
BRDA:286,30,0,0
BRDA:286,30,1,0
BRDA:313,31,0,0
BRDA:313,31,1,0
BRDA:313,32,0,0
BRDA:313,32,1,0
BRDA:354,33,0,0
BRDA:354,33,1,0
BRDA:354,34,0,0
BRDA:354,34,1,0
BRDA:358,35,0,0
BRDA:358,35,1,0
BRDA:366,36,0,0
BRDA:366,36,1,0
BRDA:367,37,0,0
BRDA:367,37,1,0
BRDA:368,38,0,0
BRDA:368,38,1,0
BRDA:369,39,0,0
BRDA:369,39,1,0
BRDA:370,40,0,0
BRDA:370,40,1,0
BRDA:371,41,0,0
BRDA:371,41,1,0
BRDA:381,42,0,0
BRDA:381,42,1,0
BRDA:417,43,0,0
BRDA:417,43,1,0
BRDA:417,44,0,0
BRDA:417,44,1,0
BRDA:421,45,0,0
BRDA:421,45,1,0
BRDA:431,46,0,0
BRDA:431,46,1,0
BRDA:436,47,0,0
BRDA:436,47,1,0
BRDA:438,48,0,0
BRDA:438,48,1,0
BRDA:465,49,0,0
BRDA:465,49,1,0
BRDA:483,50,0,0
BRDA:483,50,1,0
BRDA:496,51,0,0
BRDA:496,52,0,0
BRDA:512,53,0,0
BRDA:512,53,1,0
BRDA:555,54,0,0
BRDA:555,54,1,0
BRDA:555,55,0,0
BRDA:555,55,1,0
BRDA:562,56,0,0
BRDA:562,56,1,0
BRDA:572,57,0,0
BRDA:572,57,1,0
BRDA:573,58,0,0
BRDA:573,58,1,0
BRDA:579,59,0,0
BRDA:579,59,1,0
BRDA:580,60,0,0
BRDA:580,60,1,0
BRDA:599,61,0,0
BRDA:599,61,1,0
BRDA:606,62,0,0
BRDA:606,62,1,0
BRF:122
BRH:0
end_of_record
TN:
SF:routes\trending.js
FN:7,(anonymous_0)
FN:61,(anonymous_1)
FN:74,(anonymous_2)
FN:76,(anonymous_3)
FN:107,(anonymous_4)
FN:153,(anonymous_5)
FN:154,(anonymous_6)
FN:160,(anonymous_7)
FN:161,(anonymous_8)
FN:167,(anonymous_9)
FN:195,(anonymous_10)
FN:246,(anonymous_11)
FN:247,(anonymous_12)
FN:255,(anonymous_13)
FN:256,(anonymous_14)
FN:264,(anonymous_15)
FN:290,(anonymous_16)
FN:311,(anonymous_17)
FNF:18
FNH:0
FNDA:0,(anonymous_0)
FNDA:0,(anonymous_1)
FNDA:0,(anonymous_2)
FNDA:0,(anonymous_3)
FNDA:0,(anonymous_4)
FNDA:0,(anonymous_5)
FNDA:0,(anonymous_6)
FNDA:0,(anonymous_7)
FNDA:0,(anonymous_8)
FNDA:0,(anonymous_9)
FNDA:0,(anonymous_10)
FNDA:0,(anonymous_11)
FNDA:0,(anonymous_12)
FNDA:0,(anonymous_13)
FNDA:0,(anonymous_14)
FNDA:0,(anonymous_15)
FNDA:0,(anonymous_16)
FNDA:0,(anonymous_17)
DA:1,0
DA:2,0
DA:4,0
DA:7,0
DA:8,0
DA:15,0
DA:17,0
DA:18,0
DA:21,0
DA:43,0
DA:44,0
DA:48,0
DA:49,0
DA:52,0
DA:54,0
DA:55,0
DA:56,0
DA:60,0
DA:61,0
DA:62,0
DA:63,0
DA:64,0
DA:69,0
DA:73,0
DA:74,0
DA:76,0
DA:91,0
DA:101,0
DA:102,0
DA:107,0
DA:108,0
DA:115,0
DA:117,0
DA:118,0
DA:121,0
DA:139,0
DA:143,0
DA:144,0
DA:145,0
DA:149,0
DA:152,0
DA:153,0
DA:154,0
DA:159,0
DA:160,0
DA:161,0
DA:162,0
DA:167,0
DA:179,0
DA:189,0
DA:190,0
DA:195,0
DA:196,0
DA:203,0
DA:205,0
DA:206,0
DA:209,0
DA:232,0
DA:236,0
DA:237,0
DA:238,0
DA:242,0
DA:245,0
DA:246,0
DA:247,0
DA:248,0
DA:254,0
DA:255,0
DA:256,0
DA:257,0
DA:262,0
DA:264,0
DA:274,0
DA:284,0
DA:285,0
DA:290,0
DA:291,0
DA:293,0
DA:300,0
DA:305,0
DA:306,0
DA:307,0
DA:311,0
DA:313,0
DA:319,0
DA:320,0
DA:324,0
LF:87
LH:0
BRDA:10,0,0,0
BRDA:11,1,0,0
BRDA:12,2,0,0
BRDA:43,3,0,0
BRDA:43,3,1,0
BRDA:43,4,0,0
BRDA:43,4,1,0
BRDA:48,5,0,0
BRDA:48,5,1,0
BRDA:48,6,0,0
BRDA:48,6,1,0
BRDA:54,7,0,0
BRDA:54,7,1,0
BRDA:61,8,0,0
BRDA:61,8,1,0
BRDA:63,9,0,0
BRDA:63,9,1,0
BRDA:69,10,0,0
BRDA:69,10,1,0
BRDA:110,11,0,0
BRDA:111,12,0,0
BRDA:112,13,0,0
BRDA:143,14,0,0
BRDA:143,14,1,0
BRDA:149,15,0,0
BRDA:149,15,1,0
BRDA:152,16,0,0
BRDA:152,16,1,0
BRDA:152,17,0,0
BRDA:152,17,1,0
BRDA:154,18,0,0
BRDA:154,18,1,0
BRDA:159,19,0,0
BRDA:159,19,1,0
BRDA:159,20,0,0
BRDA:159,20,1,0
BRDA:161,21,0,0
BRDA:161,21,1,0
BRDA:176,22,0,0
BRDA:176,22,1,0
BRDA:198,23,0,0
BRDA:199,24,0,0
BRDA:200,25,0,0
BRDA:236,26,0,0
BRDA:236,26,1,0
BRDA:242,27,0,0
BRDA:242,27,1,0
BRDA:245,28,0,0
BRDA:245,28,1,0
BRDA:245,29,0,0
BRDA:245,29,1,0
BRDA:247,30,0,0
BRDA:247,30,1,0
BRDA:254,31,0,0
BRDA:254,31,1,0
BRDA:254,32,0,0
BRDA:254,32,1,0
BRDA:256,33,0,0
BRDA:256,33,1,0
BRDA:270,34,0,0
BRDA:270,34,1,0
BRDA:271,35,0,0
BRDA:271,35,1,0
BRDA:305,36,0,0
BRDA:305,36,1,0
BRDA:305,37,0,0
BRDA:305,37,1,0
BRDA:306,38,0,0
BRDA:306,38,1,0
BRDA:311,39,0,0
BRDA:311,39,1,0
BRDA:315,40,0,0
BRDA:315,40,1,0
BRF:73
BRH:0
end_of_record
TN:
SF:routes\users.js
FN:15,(anonymous_0)
FN:25,(anonymous_1)
FN:90,(anonymous_2)
FN:110,(anonymous_3)
FN:155,(anonymous_4)
FN:181,(anonymous_5)
FN:214,(anonymous_6)
FN:230,(anonymous_7)
FN:292,(anonymous_8)
FN:346,(anonymous_9)
FN:378,(anonymous_10)
FN:410,(anonymous_11)
FN:435,(anonymous_12)
FN:457,(anonymous_13)
FN:553,(anonymous_14)
FN:570,(anonymous_15)
FN:585,(anonymous_16)
FN:651,(anonymous_17)
FN:665,(anonymous_18)
FN:675,(anonymous_19)
FN:700,(anonymous_20)
FN:776,(anonymous_21)
FN:801,(anonymous_22)
FN:826,(anonymous_23)
FN:846,(anonymous_24)
FN:854,(anonymous_25)
FN:864,(anonymous_26)
FN:889,(anonymous_27)
FN:916,(anonymous_28)
FN:938,(anonymous_29)
FN:950,(anonymous_30)
FN:972,(anonymous_31)
FN:1019,(anonymous_32)
FN:1036,(anonymous_33)
FN:1059,(anonymous_34)
FN:1084,(anonymous_35)
FN:1107,(anonymous_36)
FN:1149,(anonymous_37)
FNF:38
FNH:1
FNDA:0,(anonymous_0)
FNDA:2,(anonymous_1)
FNDA:0,(anonymous_2)
FNDA:0,(anonymous_3)
FNDA:0,(anonymous_4)
FNDA:0,(anonymous_5)
FNDA:0,(anonymous_6)
FNDA:0,(anonymous_7)
FNDA:0,(anonymous_8)
FNDA:0,(anonymous_9)
FNDA:0,(anonymous_10)
FNDA:0,(anonymous_11)
FNDA:0,(anonymous_12)
FNDA:0,(anonymous_13)
FNDA:0,(anonymous_14)
FNDA:0,(anonymous_15)
FNDA:0,(anonymous_16)
FNDA:0,(anonymous_17)
FNDA:0,(anonymous_18)
FNDA:0,(anonymous_19)
FNDA:0,(anonymous_20)
FNDA:0,(anonymous_21)
FNDA:0,(anonymous_22)
FNDA:0,(anonymous_23)
FNDA:0,(anonymous_24)
FNDA:0,(anonymous_25)
FNDA:0,(anonymous_26)
FNDA:0,(anonymous_27)
FNDA:0,(anonymous_28)
FNDA:0,(anonymous_29)
FNDA:0,(anonymous_30)
FNDA:0,(anonymous_31)
FNDA:0,(anonymous_32)
FNDA:0,(anonymous_33)
FNDA:0,(anonymous_34)
FNDA:0,(anonymous_35)
FNDA:0,(anonymous_36)
FNDA:0,(anonymous_37)
DA:1,1
DA:2,1
DA:3,1
DA:4,1
DA:6,1
DA:9,1
DA:10,1
DA:16,0
DA:17,0
DA:19,0
DA:25,1
DA:26,2
DA:28,2
DA:29,1
DA:33,1
DA:34,1
DA:37,0
DA:38,0
DA:40,0
DA:41,0
DA:44,0
DA:45,0
DA:49,0
DA:55,0
DA:56,0
DA:58,0
DA:69,0
DA:70,0
DA:71,0
DA:73,0
DA:76,0
DA:83,0
DA:85,0
DA:90,1
DA:91,0
DA:92,0
DA:93,0
DA:95,0
DA:96,0
DA:97,0
DA:98,0
DA:103,0
DA:106,0
DA:110,1
DA:111,0
DA:112,0
DA:115,0
DA:121,0
DA:122,0
DA:126,0
DA:132,0
DA:138,0
DA:149,0
DA:150,0
DA:155,1
DA:156,0
DA:157,0
DA:158,0
DA:160,0
DA:172,0
DA:173,0
DA:175,0
DA:176,0
DA:181,1
DA:182,0
DA:183,0
DA:189,0
DA:190,0
DA:193,0
DA:208,0
DA:209,0
DA:214,1
DA:215,0
DA:216,0
DA:218,0
DA:219,0
DA:221,0
DA:230,0
DA:231,0
DA:232,0
DA:236,0
DA:239,0
DA:246,0
DA:247,0
DA:248,0
DA:251,0
DA:257,0
DA:258,0
DA:259,0
DA:262,0
DA:263,0
DA:271,0
DA:286,0
DA:287,0
DA:292,1
DA:293,0
DA:294,0
DA:295,0
DA:296,0
DA:300,0
DA:301,0
DA:308,0
DA:309,0
DA:313,0
DA:318,0
DA:328,0
DA:330,0
DA:331,0
DA:334,0
DA:340,0
DA:341,0
DA:346,1
DA:347,0
DA:348,0
DA:350,0
DA:356,0
DA:357,0
DA:360,0
DA:372,0
DA:373,0
DA:378,1
DA:379,0
DA:380,0
DA:382,0
DA:388,0
DA:389,0
DA:392,0
DA:404,0
DA:405,0
DA:410,1
DA:411,0
DA:412,0
DA:414,0
DA:415,0
DA:418,0
DA:425,0
DA:426,0
DA:428,0
DA:430,0
DA:431,0
DA:434,0
DA:435,0
DA:451,0
DA:452,0
DA:457,1
DA:458,0
DA:459,0
DA:461,0
DA:462,0
DA:466,0
DA:472,0
DA:473,0
DA:476,0
DA:477,0
DA:481,0
DA:487,0
DA:488,0
DA:491,0
DA:492,0
DA:496,0
DA:502,0
DA:503,0
DA:504,0
DA:505,0
DA:506,0
DA:511,0
DA:520,0
DA:521,0
DA:525,0
DA:535,0
DA:547,0
DA:548,0
DA:553,1
DA:554,0
DA:555,0
DA:565,0
DA:566,0
DA:569,0
DA:570,0
DA:579,0
DA:580,0
DA:585,1
DA:586,0
DA:587,0
DA:588,0
DA:590,0
DA:591,0
DA:595,0
DA:603,0
DA:604,0
DA:607,0
DA:610,0
DA:620,0
DA:621,0
DA:625,0
DA:635,0
DA:645,0
DA:646,0
DA:651,1
DA:652,0
DA:653,0
DA:660,0
DA:661,0
DA:664,0
DA:665,0
DA:669,0
DA:670,0
DA:675,1
DA:676,0
DA:677,0
DA:680,0
DA:685,0
DA:686,0
DA:689,0
DA:694,0
DA:695,0
DA:700,1
DA:701,0
DA:702,0
DA:704,0
DA:705,0
DA:709,0
DA:716,0
DA:717,0
DA:721,0
DA:728,0
DA:729,0
DA:733,0
DA:742,0
DA:743,0
DA:744,0
DA:747,0
DA:750,0
DA:760,0
DA:770,0
DA:771,0
DA:776,1
DA:777,0
DA:778,0
DA:780,0
DA:786,0
DA:787,0
DA:788,0
DA:791,0
DA:792,0
DA:795,0
DA:796,0
DA:801,1
DA:802,0
DA:803,0
DA:804,0
DA:806,0
DA:813,0
DA:814,0
DA:815,0
DA:818,0
DA:820,0
DA:821,0
DA:826,1
DA:827,0
DA:828,0
DA:829,0
DA:831,0
DA:840,0
DA:841,0
DA:842,0
DA:846,0
DA:854,0
DA:857,0
DA:859,0
DA:860,0
DA:864,1
DA:865,0
DA:866,0
DA:867,0
DA:869,0
DA:877,0
DA:878,0
DA:879,0
DA:882,0
DA:884,0
DA:885,0
DA:889,1
DA:890,0
DA:891,0
DA:892,0
DA:894,0
DA:903,0
DA:904,0
DA:905,0
DA:908,0
DA:910,0
DA:911,0
DA:916,1
DA:917,0
DA:918,0
DA:920,0
DA:925,0
DA:926,0
DA:927,0
DA:930,0
DA:932,0
DA:933,0
DA:938,1
DA:939,0
DA:941,0
DA:946,0
DA:947,0
DA:950,0
DA:951,0
DA:953,0
DA:958,0
DA:959,0
DA:960,0
DA:963,0
DA:966,0
DA:967,0
DA:972,1
DA:973,0
DA:974,0
DA:976,0
DA:977,0
DA:980,0
DA:993,0
DA:994,0
DA:995,0
DA:998,0
DA:999,0
DA:1013,0
DA:1014,0
DA:1019,1
DA:1020,0
DA:1021,0
DA:1022,0
DA:1024,0
DA:1031,0
DA:1032,0
DA:1035,0
DA:1036,0
DA:1053,0
DA:1054,0
DA:1059,1
DA:1060,0
DA:1061,0
DA:1063,0
DA:1071,0
DA:1072,0
DA:1075,0
DA:1078,0
DA:1079,0
DA:1084,1
DA:1085,0
DA:1086,0
DA:1094,0
DA:1095,0
DA:1098,0
DA:1101,0
DA:1102,0
DA:1107,1
DA:1108,0
DA:1109,0
DA:1110,0
DA:1113,0
DA:1119,0
DA:1120,0
DA:1121,0
DA:1124,0
DA:1127,0
DA:1134,0
DA:1135,0
DA:1136,0
DA:1139,0
DA:1140,0
DA:1143,0
DA:1144,0
DA:1149,1
DA:1150,0
DA:1151,0
DA:1155,0
DA:1159,0
DA:1160,0
DA:1164,1
LF:382
LH:42
BRDA:16,0,0,0
BRDA:16,0,1,0
BRDA:28,1,0,1
BRDA:28,1,1,1
BRDA:33,2,0,1
BRDA:33,2,1,0
BRDA:40,3,0,0
BRDA:40,3,1,0
BRDA:44,4,0,0
BRDA:44,4,1,0
BRDA:56,5,0,0
BRDA:56,5,1,0
BRDA:56,6,0,0
BRDA:56,6,1,0
BRDA:64,7,0,0
BRDA:64,7,1,0
BRDA:65,8,0,0
BRDA:65,8,1,0
BRDA:69,9,0,0
BRDA:69,9,1,0
BRDA:79,10,0,0
BRDA:79,10,1,0
BRDA:79,10,2,0
BRDA:92,11,0,0
BRDA:92,11,1,0
BRDA:92,12,0,0
BRDA:92,12,1,0
BRDA:97,13,0,0
BRDA:97,13,1,0
BRDA:97,14,0,0
BRDA:97,14,1,0
BRDA:121,15,0,0
BRDA:121,15,1,0
BRDA:121,16,0,0
BRDA:121,16,1,0
BRDA:140,17,0,0
BRDA:140,17,1,0
BRDA:141,18,0,0
BRDA:141,18,1,0
BRDA:172,19,0,0
BRDA:172,19,1,0
BRDA:189,20,0,0
BRDA:189,20,1,0
BRDA:189,21,0,0
BRDA:189,21,1,0
BRDA:222,22,0,0
BRDA:222,22,1,0
BRDA:223,23,0,0
BRDA:223,23,1,0
BRDA:224,24,0,0
BRDA:224,24,1,0
BRDA:225,25,0,0
BRDA:225,25,1,0
BRDA:231,26,0,0
BRDA:231,26,1,0
BRDA:246,27,0,0
BRDA:246,27,1,0
BRDA:257,28,0,0
BRDA:257,28,1,0
BRDA:295,29,0,0
BRDA:295,29,1,0
BRDA:308,30,0,0
BRDA:308,30,1,0
BRDA:328,31,0,0
BRDA:328,31,1,0
BRDA:356,32,0,0
BRDA:356,32,1,0
BRDA:356,33,0,0
BRDA:356,33,1,0
BRDA:388,34,0,0
BRDA:388,34,1,0
BRDA:388,35,0,0
BRDA:388,35,1,0
BRDA:412,36,0,0
BRDA:412,37,0,0
BRDA:414,38,0,0
BRDA:414,38,1,0
BRDA:430,39,0,0
BRDA:430,39,1,0
BRDA:461,40,0,0
BRDA:461,40,1,0
BRDA:472,41,0,0
BRDA:472,41,1,0
BRDA:472,42,0,0
BRDA:472,42,1,0
BRDA:476,43,0,0
BRDA:476,43,1,0
BRDA:487,44,0,0
BRDA:487,44,1,0
BRDA:487,45,0,0
BRDA:487,45,1,0
BRDA:491,46,0,0
BRDA:491,46,1,0
BRDA:491,47,0,0
BRDA:491,47,1,0
BRDA:502,48,0,0
BRDA:502,48,1,0
BRDA:503,49,0,0
BRDA:503,49,1,0
BRDA:505,50,0,0
BRDA:505,50,1,0
BRDA:520,51,0,0
BRDA:520,51,1,0
BRDA:565,52,0,0
BRDA:565,52,1,0
BRDA:590,53,0,0
BRDA:590,53,1,0
BRDA:603,54,0,0
BRDA:603,54,1,0
BRDA:603,55,0,0
BRDA:603,55,1,0
BRDA:607,56,0,0
BRDA:607,56,1,0
BRDA:620,57,0,0
BRDA:620,57,1,0
BRDA:630,58,0,0
BRDA:630,58,1,0
BRDA:631,59,0,0
BRDA:631,59,1,0
BRDA:660,60,0,0
BRDA:660,60,1,0
BRDA:685,61,0,0
BRDA:685,61,1,0
BRDA:704,62,0,0
BRDA:704,62,1,0
BRDA:716,63,0,0
BRDA:716,63,1,0
BRDA:716,64,0,0
BRDA:716,64,1,0
BRDA:728,65,0,0
BRDA:728,65,1,0
BRDA:742,66,0,0
BRDA:742,66,1,0
BRDA:786,67,0,0
BRDA:786,67,1,0
BRDA:804,68,0,0
BRDA:804,68,1,0
BRDA:804,69,0,0
BRDA:804,69,1,0
BRDA:813,70,0,0
BRDA:813,70,1,0
BRDA:829,71,0,0
BRDA:840,72,0,0
BRDA:840,72,1,0
BRDA:846,73,0,0
BRDA:846,73,1,0
BRDA:854,74,0,0
BRDA:854,74,1,0
BRDA:854,75,0,0
BRDA:854,75,1,0
BRDA:867,76,0,0
BRDA:877,77,0,0
BRDA:877,77,1,0
BRDA:892,78,0,0
BRDA:903,79,0,0
BRDA:903,79,1,0
BRDA:925,80,0,0
BRDA:925,80,1,0
BRDA:930,81,0,0
BRDA:930,81,1,0
BRDA:946,82,0,0
BRDA:946,82,1,0
BRDA:950,83,0,0
BRDA:950,83,1,0
BRDA:951,84,0,0
BRDA:951,84,1,0
BRDA:958,85,0,0
BRDA:958,85,1,0
BRDA:963,86,0,0
BRDA:963,86,1,0
BRDA:976,87,0,0
BRDA:976,87,1,0
BRDA:976,88,0,0
BRDA:976,88,1,0
BRDA:976,88,2,0
BRDA:985,89,0,0
BRDA:985,89,1,0
BRDA:993,90,0,0
BRDA:993,90,1,0
BRDA:1021,91,0,0
BRDA:1021,92,0,0
BRDA:1031,93,0,0
BRDA:1031,93,1,0
BRDA:1071,94,0,0
BRDA:1071,94,1,0
BRDA:1094,95,0,0
BRDA:1094,95,1,0
BRDA:1119,96,0,0
BRDA:1119,96,1,0
BRDA:1134,97,0,0
BRDA:1134,97,1,0
BRF:191
BRH:3
end_of_record
